CRITICAL - 2023-06-21 01:58:51 --> Undefined array key "usuario_id"
in APPPATH\Views\admin\listarVentas.php on line 24.
 1 APPPATH\Views\admin\listarVentas.php(24): CodeIgniter\Debug\Exceptions->errorHandler(2, 'Undefined array key "usuario_id"', 'C:\\xampp\\htdocs\\Proyecto_CLuciana\\app\\Views\\admin\\listarVentas.php', 24)
 2 SYSTEMPATH\View\View.php(213): include('C:\\xampp\\htdocs\\Proyecto_CLuciana\\app\\Views\\admin\\listarVentas.php')
 3 SYSTEMPATH\View\View.php(216): CodeIgniter\View\View->CodeIgniter\View\{closure}()
 4 SYSTEMPATH\Common.php(1184): CodeIgniter\View\View->render('admin/listarVentas', [], true)
 5 APPPATH\Controllers\AdminController.php(17): view('admin/listarVentas')
 6 SYSTEMPATH\CodeIgniter.php(934): App\Controllers\AdminController->listarVentas()
 7 SYSTEMPATH\CodeIgniter.php(499): CodeIgniter\CodeIgniter->runController(Object(App\Controllers\AdminController))
 8 SYSTEMPATH\CodeIgniter.php(368): CodeIgniter\CodeIgniter->handleRequest(null, Object(Config\Cache), false)
 9 FCPATH\index.php(67): CodeIgniter\CodeIgniter->run()
CRITICAL - 2023-06-21 01:59:43 --> Undefined array key "usuario_id"
in APPPATH\Views\admin\listarVentas.php on line 24.
 1 APPPATH\Views\admin\listarVentas.php(24): CodeIgniter\Debug\Exceptions->errorHandler(2, 'Undefined array key "usuario_id"', 'C:\\xampp\\htdocs\\Proyecto_CLuciana\\app\\Views\\admin\\listarVentas.php', 24)
 2 SYSTEMPATH\View\View.php(213): include('C:\\xampp\\htdocs\\Proyecto_CLuciana\\app\\Views\\admin\\listarVentas.php')
 3 SYSTEMPATH\View\View.php(216): CodeIgniter\View\View->CodeIgniter\View\{closure}()
 4 SYSTEMPATH\Common.php(1184): CodeIgniter\View\View->render('admin/listarVentas', [], true)
 5 APPPATH\Controllers\AdminController.php(17): view('admin/listarVentas')
 6 SYSTEMPATH\CodeIgniter.php(934): App\Controllers\AdminController->listarVentas()
 7 SYSTEMPATH\CodeIgniter.php(499): CodeIgniter\CodeIgniter->runController(Object(App\Controllers\AdminController))
 8 SYSTEMPATH\CodeIgniter.php(368): CodeIgniter\CodeIgniter->handleRequest(null, Object(Config\Cache), false)
 9 FCPATH\index.php(67): CodeIgniter\CodeIgniter->run()
CRITICAL - 2023-06-21 02:05:50 --> Undefined array key "usuario_id"
in APPPATH\Views\admin\listarVentas.php on line 24.
 1 APPPATH\Views\admin\listarVentas.php(24): CodeIgniter\Debug\Exceptions->errorHandler(2, 'Undefined array key "usuario_id"', 'C:\\xampp\\htdocs\\Proyecto_CLuciana\\app\\Views\\admin\\listarVentas.php', 24)
 2 SYSTEMPATH\View\View.php(213): include('C:\\xampp\\htdocs\\Proyecto_CLuciana\\app\\Views\\admin\\listarVentas.php')
 3 SYSTEMPATH\View\View.php(216): CodeIgniter\View\View->CodeIgniter\View\{closure}()
 4 SYSTEMPATH\Common.php(1184): CodeIgniter\View\View->render('admin/listarVentas', [], true)
 5 APPPATH\Controllers\AdminController.php(17): view('admin/listarVentas')
 6 SYSTEMPATH\CodeIgniter.php(934): App\Controllers\AdminController->listarVentas()
 7 SYSTEMPATH\CodeIgniter.php(499): CodeIgniter\CodeIgniter->runController(Object(App\Controllers\AdminController))
 8 SYSTEMPATH\CodeIgniter.php(368): CodeIgniter\CodeIgniter->handleRequest(null, Object(Config\Cache), false)
 9 FCPATH\index.php(67): CodeIgniter\CodeIgniter->run()
INFO - 2023-06-21 02:05:53 --> Session: Class initialized using 'CodeIgniter\Session\Handlers\FileHandler' driver.
INFO - 2023-06-21 02:05:53 --> Session: Class initialized using 'CodeIgniter\Session\Handlers\FileHandler' driver.
INFO - 2023-06-21 02:05:55 --> Session: Class initialized using 'CodeIgniter\Session\Handlers\FileHandler' driver.
INFO - 2023-06-21 02:05:59 --> Session: Class initialized using 'CodeIgniter\Session\Handlers\FileHandler' driver.
INFO - 2023-06-21 02:05:59 --> Session: Class initialized using 'CodeIgniter\Session\Handlers\FileHandler' driver.
INFO - 2023-06-21 02:06:00 --> Session: Class initialized using 'CodeIgniter\Session\Handlers\FileHandler' driver.
INFO - 2023-06-21 02:06:02 --> Session: Class initialized using 'CodeIgniter\Session\Handlers\FileHandler' driver.
INFO - 2023-06-21 02:06:02 --> Cart Class Initialized
INFO - 2023-06-21 02:06:02 --> Session: Class initialized using 'CodeIgniter\Session\Handlers\FileHandler' driver.
INFO - 2023-06-21 02:06:02 --> Cart Class Initialized
INFO - 2023-06-21 02:06:05 --> Session: Class initialized using 'CodeIgniter\Session\Handlers\FileHandler' driver.
INFO - 2023-06-21 02:06:07 --> Session: Class initialized using 'CodeIgniter\Session\Handlers\FileHandler' driver.
INFO - 2023-06-21 02:06:07 --> Cart Class Initialized
INFO - 2023-06-21 02:06:07 --> Session: Class initialized using 'CodeIgniter\Session\Handlers\FileHandler' driver.
INFO - 2023-06-21 02:06:07 --> Cart Class Initialized
INFO - 2023-06-21 02:06:09 --> Session: Class initialized using 'CodeIgniter\Session\Handlers\FileHandler' driver.
INFO - 2023-06-21 02:06:09 --> Cart Class Initialized
INFO - 2023-06-21 02:06:10 --> Session: Class initialized using 'CodeIgniter\Session\Handlers\FileHandler' driver.
INFO - 2023-06-21 02:08:02 --> Session: Class initialized using 'CodeIgniter\Session\Handlers\FileHandler' driver.
INFO - 2023-06-21 02:08:02 --> Cart Class Initialized
INFO - 2023-06-21 02:08:04 --> Session: Class initialized using 'CodeIgniter\Session\Handlers\FileHandler' driver.
INFO - 2023-06-21 02:08:05 --> Session: Class initialized using 'CodeIgniter\Session\Handlers\FileHandler' driver.
INFO - 2023-06-21 02:08:05 --> Cart Class Initialized
INFO - 2023-06-21 02:08:05 --> Session: Class initialized using 'CodeIgniter\Session\Handlers\FileHandler' driver.
INFO - 2023-06-21 02:08:05 --> Cart Class Initialized
INFO - 2023-06-21 02:08:07 --> Session: Class initialized using 'CodeIgniter\Session\Handlers\FileHandler' driver.
INFO - 2023-06-21 02:08:07 --> Cart Class Initialized
INFO - 2023-06-21 02:08:07 --> Session: Class initialized using 'CodeIgniter\Session\Handlers\FileHandler' driver.
INFO - 2023-06-21 02:08:10 --> Session: Class initialized using 'CodeIgniter\Session\Handlers\FileHandler' driver.
INFO - 2023-06-21 02:08:10 --> Cart Class Initialized
INFO - 2023-06-21 02:08:10 --> Session: Class initialized using 'CodeIgniter\Session\Handlers\FileHandler' driver.
INFO - 2023-06-21 02:08:10 --> Cart Class Initialized
INFO - 2023-06-21 02:08:11 --> Session: Class initialized using 'CodeIgniter\Session\Handlers\FileHandler' driver.
INFO - 2023-06-21 02:08:11 --> Cart Class Initialized
INFO - 2023-06-21 02:08:11 --> Session: Class initialized using 'CodeIgniter\Session\Handlers\FileHandler' driver.
INFO - 2023-06-21 02:08:12 --> Session: Class initialized using 'CodeIgniter\Session\Handlers\FileHandler' driver.
INFO - 2023-06-21 02:08:12 --> Cart Class Initialized
INFO - 2023-06-21 02:08:12 --> Session: Class initialized using 'CodeIgniter\Session\Handlers\FileHandler' driver.
INFO - 2023-06-21 02:08:12 --> Cart Class Initialized
INFO - 2023-06-21 02:08:14 --> Session: Class initialized using 'CodeIgniter\Session\Handlers\FileHandler' driver.
INFO - 2023-06-21 02:08:14 --> Cart Class Initialized
INFO - 2023-06-21 02:08:14 --> Session: Class initialized using 'CodeIgniter\Session\Handlers\FileHandler' driver.
INFO - 2023-06-21 02:08:14 --> Cart Class Initialized
INFO - 2023-06-21 02:09:31 --> Session: Class initialized using 'CodeIgniter\Session\Handlers\FileHandler' driver.
INFO - 2023-06-21 02:09:31 --> Cart Class Initialized
INFO - 2023-06-21 02:09:34 --> Session: Class initialized using 'CodeIgniter\Session\Handlers\FileHandler' driver.
INFO - 2023-06-21 02:09:34 --> Cart Class Initialized
INFO - 2023-06-21 02:09:34 --> Session: Class initialized using 'CodeIgniter\Session\Handlers\FileHandler' driver.
INFO - 2023-06-21 02:09:34 --> Cart Class Initialized
INFO - 2023-06-21 02:09:35 --> Session: Class initialized using 'CodeIgniter\Session\Handlers\FileHandler' driver.
INFO - 2023-06-21 02:09:37 --> Session: Class initialized using 'CodeIgniter\Session\Handlers\FileHandler' driver.
INFO - 2023-06-21 02:09:37 --> Cart Class Initialized
INFO - 2023-06-21 02:09:37 --> Session: Class initialized using 'CodeIgniter\Session\Handlers\FileHandler' driver.
INFO - 2023-06-21 02:09:37 --> Cart Class Initialized
INFO - 2023-06-21 02:09:39 --> Session: Class initialized using 'CodeIgniter\Session\Handlers\FileHandler' driver.
INFO - 2023-06-21 02:09:39 --> Cart Class Initialized
INFO - 2023-06-21 02:09:39 --> Session: Class initialized using 'CodeIgniter\Session\Handlers\FileHandler' driver.
INFO - 2023-06-21 02:09:51 --> Session: Class initialized using 'CodeIgniter\Session\Handlers\FileHandler' driver.
INFO - 2023-06-21 02:09:51 --> Cart Class Initialized
INFO - 2023-06-21 02:09:51 --> Session: Class initialized using 'CodeIgniter\Session\Handlers\FileHandler' driver.
INFO - 2023-06-21 02:09:51 --> Cart Class Initialized
INFO - 2023-06-21 02:09:53 --> Session: Class initialized using 'CodeIgniter\Session\Handlers\FileHandler' driver.
INFO - 2023-06-21 02:09:53 --> Cart Class Initialized
INFO - 2023-06-21 02:09:53 --> Session: Class initialized using 'CodeIgniter\Session\Handlers\FileHandler' driver.
INFO - 2023-06-21 02:13:01 --> Session: Class initialized using 'CodeIgniter\Session\Handlers\FileHandler' driver.
INFO - 2023-06-21 02:13:05 --> Session: Class initialized using 'CodeIgniter\Session\Handlers\FileHandler' driver.
INFO - 2023-06-21 02:13:05 --> Session: Class initialized using 'CodeIgniter\Session\Handlers\FileHandler' driver.
INFO - 2023-06-21 02:13:06 --> Session: Class initialized using 'CodeIgniter\Session\Handlers\FileHandler' driver.
INFO - 2023-06-21 02:13:10 --> Session: Class initialized using 'CodeIgniter\Session\Handlers\FileHandler' driver.
CRITICAL - 2023-06-21 02:33:38 --> Undefined variable $venta
in APPPATH\Controllers\VentaController.php on line 16.
 1 APPPATH\Controllers\VentaController.php(16): CodeIgniter\Debug\Exceptions->errorHandler(2, 'Undefined variable $venta', 'C:\\xampp\\htdocs\\Proyecto_CLuciana\\app\\Controllers\\VentaController.php', 16)
 2 SYSTEMPATH\CodeIgniter.php(934): App\Controllers\VentaController->listarVentasController()
 3 SYSTEMPATH\CodeIgniter.php(499): CodeIgniter\CodeIgniter->runController(Object(App\Controllers\VentaController))
 4 SYSTEMPATH\CodeIgniter.php(368): CodeIgniter\CodeIgniter->handleRequest(null, Object(Config\Cache), false)
 5 FCPATH\index.php(67): CodeIgniter\CodeIgniter->run()
INFO - 2023-06-21 02:39:36 --> Session: Class initialized using 'CodeIgniter\Session\Handlers\FileHandler' driver.
INFO - 2023-06-21 02:39:36 --> Cart Class Initialized
INFO - 2023-06-21 03:49:39 --> Session: Class initialized using 'CodeIgniter\Session\Handlers\FileHandler' driver.
INFO - 2023-06-21 03:49:39 --> Cart Class Initialized
INFO - 2023-06-21 03:49:45 --> Session: Class initialized using 'CodeIgniter\Session\Handlers\FileHandler' driver.
INFO - 2023-06-21 03:49:45 --> Session: Class initialized using 'CodeIgniter\Session\Handlers\FileHandler' driver.
INFO - 2023-06-21 03:49:47 --> Session: Class initialized using 'CodeIgniter\Session\Handlers\FileHandler' driver.
INFO - 2023-06-21 03:49:52 --> Session: Class initialized using 'CodeIgniter\Session\Handlers\FileHandler' driver.
INFO - 2023-06-21 03:49:52 --> Session: Class initialized using 'CodeIgniter\Session\Handlers\FileHandler' driver.
INFO - 2023-06-21 03:50:17 --> Session: Class initialized using 'CodeIgniter\Session\Handlers\FileHandler' driver.
INFO - 2023-06-21 03:50:18 --> Session: Class initialized using 'CodeIgniter\Session\Handlers\FileHandler' driver.
INFO - 2023-06-21 03:50:18 --> Cart Class Initialized
INFO - 2023-06-21 03:50:18 --> Session: Class initialized using 'CodeIgniter\Session\Handlers\FileHandler' driver.
INFO - 2023-06-21 03:50:18 --> Cart Class Initialized
INFO - 2023-06-21 03:50:20 --> Session: Class initialized using 'CodeIgniter\Session\Handlers\FileHandler' driver.
INFO - 2023-06-21 03:50:20 --> Cart Class Initialized
INFO - 2023-06-21 03:50:20 --> Session: Class initialized using 'CodeIgniter\Session\Handlers\FileHandler' driver.
INFO - 2023-06-21 03:50:20 --> Cart Class Initialized
INFO - 2023-06-21 03:50:23 --> Session: Class initialized using 'CodeIgniter\Session\Handlers\FileHandler' driver.
INFO - 2023-06-21 03:50:24 --> Session: Class initialized using 'CodeIgniter\Session\Handlers\FileHandler' driver.
INFO - 2023-06-21 03:50:24 --> Cart Class Initialized
INFO - 2023-06-21 03:50:25 --> Session: Class initialized using 'CodeIgniter\Session\Handlers\FileHandler' driver.
INFO - 2023-06-21 03:50:25 --> Cart Class Initialized
INFO - 2023-06-21 03:50:25 --> Session: Class initialized using 'CodeIgniter\Session\Handlers\FileHandler' driver.
INFO - 2023-06-21 03:50:25 --> Cart Class Initialized
INFO - 2023-06-21 03:50:26 --> Session: Class initialized using 'CodeIgniter\Session\Handlers\FileHandler' driver.
INFO - 2023-06-21 03:50:26 --> Cart Class Initialized
INFO - 2023-06-21 03:50:27 --> Session: Class initialized using 'CodeIgniter\Session\Handlers\FileHandler' driver.
INFO - 2023-06-21 03:50:29 --> Session: Class initialized using 'CodeIgniter\Session\Handlers\FileHandler' driver.
INFO - 2023-06-21 03:50:29 --> Cart Class Initialized
INFO - 2023-06-21 03:50:29 --> Session: Class initialized using 'CodeIgniter\Session\Handlers\FileHandler' driver.
INFO - 2023-06-21 03:50:29 --> Cart Class Initialized
INFO - 2023-06-21 03:50:30 --> Session: Class initialized using 'CodeIgniter\Session\Handlers\FileHandler' driver.
INFO - 2023-06-21 03:50:30 --> Cart Class Initialized
INFO - 2023-06-21 03:50:30 --> Session: Class initialized using 'CodeIgniter\Session\Handlers\FileHandler' driver.
INFO - 2023-06-21 03:50:30 --> Cart Class Initialized
INFO - 2023-06-21 03:50:32 --> Session: Class initialized using 'CodeIgniter\Session\Handlers\FileHandler' driver.
INFO - 2023-06-21 03:50:34 --> Session: Class initialized using 'CodeIgniter\Session\Handlers\FileHandler' driver.
INFO - 2023-06-21 03:50:34 --> Cart Class Initialized
INFO - 2023-06-21 03:50:34 --> Session: Class initialized using 'CodeIgniter\Session\Handlers\FileHandler' driver.
INFO - 2023-06-21 03:50:34 --> Cart Class Initialized
INFO - 2023-06-21 03:50:35 --> Session: Class initialized using 'CodeIgniter\Session\Handlers\FileHandler' driver.
INFO - 2023-06-21 03:50:35 --> Cart Class Initialized
INFO - 2023-06-21 03:50:35 --> Session: Class initialized using 'CodeIgniter\Session\Handlers\FileHandler' driver.
INFO - 2023-06-21 03:50:35 --> Cart Class Initialized
INFO - 2023-06-21 03:50:37 --> Session: Class initialized using 'CodeIgniter\Session\Handlers\FileHandler' driver.
INFO - 2023-06-21 03:50:37 --> Cart Class Initialized
INFO - 2023-06-21 03:50:37 --> Session: Class initialized using 'CodeIgniter\Session\Handlers\FileHandler' driver.
INFO - 2023-06-21 03:50:37 --> Cart Class Initialized
INFO - 2023-06-21 03:50:38 --> Session: Class initialized using 'CodeIgniter\Session\Handlers\FileHandler' driver.
INFO - 2023-06-21 03:50:38 --> Cart Class Initialized
INFO - 2023-06-21 03:50:38 --> Session: Class initialized using 'CodeIgniter\Session\Handlers\FileHandler' driver.
INFO - 2023-06-21 03:50:38 --> Cart Class Initialized
INFO - 2023-06-21 03:50:39 --> Session: Class initialized using 'CodeIgniter\Session\Handlers\FileHandler' driver.
INFO - 2023-06-21 03:50:39 --> Cart Class Initialized
INFO - 2023-06-21 03:50:39 --> Session: Class initialized using 'CodeIgniter\Session\Handlers\FileHandler' driver.
INFO - 2023-06-21 03:50:39 --> Cart Class Initialized
INFO - 2023-06-21 03:50:39 --> Session: Class initialized using 'CodeIgniter\Session\Handlers\FileHandler' driver.
INFO - 2023-06-21 03:50:39 --> Cart Class Initialized
INFO - 2023-06-21 03:50:39 --> Session: Class initialized using 'CodeIgniter\Session\Handlers\FileHandler' driver.
INFO - 2023-06-21 03:50:39 --> Cart Class Initialized
INFO - 2023-06-21 03:50:40 --> Session: Class initialized using 'CodeIgniter\Session\Handlers\FileHandler' driver.
INFO - 2023-06-21 03:50:41 --> Session: Class initialized using 'CodeIgniter\Session\Handlers\FileHandler' driver.
INFO - 2023-06-21 03:50:41 --> Cart Class Initialized
INFO - 2023-06-21 03:50:41 --> Session: Class initialized using 'CodeIgniter\Session\Handlers\FileHandler' driver.
INFO - 2023-06-21 03:50:41 --> Cart Class Initialized
INFO - 2023-06-21 03:50:42 --> Session: Class initialized using 'CodeIgniter\Session\Handlers\FileHandler' driver.
INFO - 2023-06-21 03:50:42 --> Cart Class Initialized
CRITICAL - 2023-06-21 03:50:43 --> Call to a member function contents() on array
in APPPATH\Controllers\CarritoController.php on line 75.
 1 SYSTEMPATH\CodeIgniter.php(934): App\Controllers\CarritoController->guardarVentaController()
 2 SYSTEMPATH\CodeIgniter.php(499): CodeIgniter\CodeIgniter->runController(Object(App\Controllers\CarritoController))
 3 SYSTEMPATH\CodeIgniter.php(368): CodeIgniter\CodeIgniter->handleRequest(null, Object(Config\Cache), false)
 4 FCPATH\index.php(67): CodeIgniter\CodeIgniter->run()
INFO - 2023-06-21 10:54:48 --> Session: Class initialized using 'CodeIgniter\Session\Handlers\FileHandler' driver.
INFO - 2023-06-21 10:55:46 --> Session: Class initialized using 'CodeIgniter\Session\Handlers\FileHandler' driver.
INFO - 2023-06-21 10:55:52 --> Session: Class initialized using 'CodeIgniter\Session\Handlers\FileHandler' driver.
INFO - 2023-06-21 10:57:50 --> Session: Class initialized using 'CodeIgniter\Session\Handlers\FileHandler' driver.
INFO - 2023-06-21 10:57:50 --> Cart Class Initialized
INFO - 2023-06-21 10:57:57 --> Session: Class initialized using 'CodeIgniter\Session\Handlers\FileHandler' driver.
INFO - 2023-06-21 10:57:57 --> Cart Class Initialized
INFO - 2023-06-21 10:57:59 --> Session: Class initialized using 'CodeIgniter\Session\Handlers\FileHandler' driver.
INFO - 2023-06-21 10:57:59 --> Session: Class initialized using 'CodeIgniter\Session\Handlers\FileHandler' driver.
INFO - 2023-06-21 10:58:01 --> Session: Class initialized using 'CodeIgniter\Session\Handlers\FileHandler' driver.
INFO - 2023-06-21 10:58:06 --> Session: Class initialized using 'CodeIgniter\Session\Handlers\FileHandler' driver.
INFO - 2023-06-21 10:58:06 --> Session: Class initialized using 'CodeIgniter\Session\Handlers\FileHandler' driver.
INFO - 2023-06-21 10:58:10 --> Session: Class initialized using 'CodeIgniter\Session\Handlers\FileHandler' driver.
INFO - 2023-06-21 10:58:12 --> Session: Class initialized using 'CodeIgniter\Session\Handlers\FileHandler' driver.
INFO - 2023-06-21 10:58:12 --> Cart Class Initialized
INFO - 2023-06-21 10:58:12 --> Session: Class initialized using 'CodeIgniter\Session\Handlers\FileHandler' driver.
INFO - 2023-06-21 10:58:12 --> Cart Class Initialized
INFO - 2023-06-21 10:58:14 --> Session: Class initialized using 'CodeIgniter\Session\Handlers\FileHandler' driver.
INFO - 2023-06-21 10:58:14 --> Cart Class Initialized
CRITICAL - 2023-06-21 10:58:14 --> Call to a member function contents() on array
in APPPATH\Controllers\CarritoController.php on line 75.
 1 SYSTEMPATH\CodeIgniter.php(934): App\Controllers\CarritoController->guardarVentaController()
 2 SYSTEMPATH\CodeIgniter.php(499): CodeIgniter\CodeIgniter->runController(Object(App\Controllers\CarritoController))
 3 SYSTEMPATH\CodeIgniter.php(368): CodeIgniter\CodeIgniter->handleRequest(null, Object(Config\Cache), false)
 4 FCPATH\index.php(67): CodeIgniter\CodeIgniter->run()
INFO - 2023-06-21 11:09:32 --> Session: Class initialized using 'CodeIgniter\Session\Handlers\FileHandler' driver.
INFO - 2023-06-21 11:09:32 --> Cart Class Initialized
CRITICAL - 2023-06-21 11:09:32 --> syntax error, unexpected token "}", expecting "elseif" or "else" or "endif"
in APPPATH\Views\carrito.php on line 82.
 1 SYSTEMPATH\View\View.php(216): CodeIgniter\View\View->CodeIgniter\View\{closure}()
 2 SYSTEMPATH\Common.php(1184): CodeIgniter\View\View->render('carrito', [], true)
 3 APPPATH\Controllers\CarritoController.php(19): view('carrito')
 4 SYSTEMPATH\CodeIgniter.php(934): App\Controllers\CarritoController->verCarritoController()
 5 SYSTEMPATH\CodeIgniter.php(499): CodeIgniter\CodeIgniter->runController(Object(App\Controllers\CarritoController))
 6 SYSTEMPATH\CodeIgniter.php(368): CodeIgniter\CodeIgniter->handleRequest(null, Object(Config\Cache), false)
 7 FCPATH\index.php(67): CodeIgniter\CodeIgniter->run()
INFO - 2023-06-21 11:12:19 --> Session: Class initialized using 'CodeIgniter\Session\Handlers\FileHandler' driver.
INFO - 2023-06-21 11:12:19 --> Cart Class Initialized
CRITICAL - 2023-06-21 11:12:19 --> Call to a member function contents() on array
in APPPATH\Views\carrito.php on line 25.
 1 SYSTEMPATH\View\View.php(213): include()
 2 SYSTEMPATH\View\View.php(216): CodeIgniter\View\View->CodeIgniter\View\{closure}()
 3 SYSTEMPATH\Common.php(1184): CodeIgniter\View\View->render('carrito', [], true)
 4 APPPATH\Controllers\CarritoController.php(19): view('carrito')
 5 SYSTEMPATH\CodeIgniter.php(934): App\Controllers\CarritoController->verCarritoController()
 6 SYSTEMPATH\CodeIgniter.php(499): CodeIgniter\CodeIgniter->runController(Object(App\Controllers\CarritoController))
 7 SYSTEMPATH\CodeIgniter.php(368): CodeIgniter\CodeIgniter->handleRequest(null, Object(Config\Cache), false)
 8 FCPATH\index.php(67): CodeIgniter\CodeIgniter->run()
INFO - 2023-06-21 11:13:20 --> Session: Class initialized using 'CodeIgniter\Session\Handlers\FileHandler' driver.
INFO - 2023-06-21 11:13:20 --> Cart Class Initialized
CRITICAL - 2023-06-21 11:13:20 --> syntax error, unexpected token "}", expecting "elseif" or "else" or "endif"
in APPPATH\Views\carrito.php on line 82.
 1 SYSTEMPATH\View\View.php(216): CodeIgniter\View\View->CodeIgniter\View\{closure}()
 2 SYSTEMPATH\Common.php(1184): CodeIgniter\View\View->render('carrito', [], true)
 3 APPPATH\Controllers\CarritoController.php(19): view('carrito')
 4 SYSTEMPATH\CodeIgniter.php(934): App\Controllers\CarritoController->verCarritoController()
 5 SYSTEMPATH\CodeIgniter.php(499): CodeIgniter\CodeIgniter->runController(Object(App\Controllers\CarritoController))
 6 SYSTEMPATH\CodeIgniter.php(368): CodeIgniter\CodeIgniter->handleRequest(null, Object(Config\Cache), false)
 7 FCPATH\index.php(67): CodeIgniter\CodeIgniter->run()
INFO - 2023-06-21 11:16:48 --> Session: Class initialized using 'CodeIgniter\Session\Handlers\FileHandler' driver.
INFO - 2023-06-21 11:16:48 --> Cart Class Initialized
CRITICAL - 2023-06-21 11:16:48 --> Call to a member function contents() on array
in APPPATH\Views\carrito.php on line 25.
 1 SYSTEMPATH\View\View.php(213): include()
 2 SYSTEMPATH\View\View.php(216): CodeIgniter\View\View->CodeIgniter\View\{closure}()
 3 SYSTEMPATH\Common.php(1184): CodeIgniter\View\View->render('carrito', [], true)
 4 APPPATH\Controllers\CarritoController.php(19): view('carrito')
 5 SYSTEMPATH\CodeIgniter.php(934): App\Controllers\CarritoController->verCarritoController()
 6 SYSTEMPATH\CodeIgniter.php(499): CodeIgniter\CodeIgniter->runController(Object(App\Controllers\CarritoController))
 7 SYSTEMPATH\CodeIgniter.php(368): CodeIgniter\CodeIgniter->handleRequest(null, Object(Config\Cache), false)
 8 FCPATH\index.php(67): CodeIgniter\CodeIgniter->run()
INFO - 2023-06-21 11:19:47 --> Session: Class initialized using 'CodeIgniter\Session\Handlers\FileHandler' driver.
INFO - 2023-06-21 11:19:47 --> Cart Class Initialized
INFO - 2023-06-21 11:19:54 --> Session: Class initialized using 'CodeIgniter\Session\Handlers\FileHandler' driver.
INFO - 2023-06-21 11:19:54 --> Cart Class Initialized
CRITICAL - 2023-06-21 11:19:54 --> Undefined variable $venta_id
in APPPATH\Controllers\CarritoController.php on line 80.
 1 APPPATH\Controllers\CarritoController.php(80): CodeIgniter\Debug\Exceptions->errorHandler(2, 'Undefined variable $venta_id', 'C:\\xampp\\htdocs\\Proyecto_CLuciana\\app\\Controllers\\CarritoController.php', 80)
 2 SYSTEMPATH\CodeIgniter.php(934): App\Controllers\CarritoController->guardarVentaController()
 3 SYSTEMPATH\CodeIgniter.php(499): CodeIgniter\CodeIgniter->runController(Object(App\Controllers\CarritoController))
 4 SYSTEMPATH\CodeIgniter.php(368): CodeIgniter\CodeIgniter->handleRequest(null, Object(Config\Cache), false)
 5 FCPATH\index.php(67): CodeIgniter\CodeIgniter->run()
INFO - 2023-06-21 11:20:30 --> Session: Class initialized using 'CodeIgniter\Session\Handlers\FileHandler' driver.
INFO - 2023-06-21 11:20:30 --> Cart Class Initialized
CRITICAL - 2023-06-21 11:20:30 --> Undefined variable $id_venta
in APPPATH\Controllers\CarritoController.php on line 80.
 1 APPPATH\Controllers\CarritoController.php(80): CodeIgniter\Debug\Exceptions->errorHandler(2, 'Undefined variable $id_venta', 'C:\\xampp\\htdocs\\Proyecto_CLuciana\\app\\Controllers\\CarritoController.php', 80)
 2 SYSTEMPATH\CodeIgniter.php(934): App\Controllers\CarritoController->guardarVentaController()
 3 SYSTEMPATH\CodeIgniter.php(499): CodeIgniter\CodeIgniter->runController(Object(App\Controllers\CarritoController))
 4 SYSTEMPATH\CodeIgniter.php(368): CodeIgniter\CodeIgniter->handleRequest(null, Object(Config\Cache), false)
 5 FCPATH\index.php(67): CodeIgniter\CodeIgniter->run()
INFO - 2023-06-21 11:20:57 --> Session: Class initialized using 'CodeIgniter\Session\Handlers\FileHandler' driver.
INFO - 2023-06-21 11:20:57 --> Cart Class Initialized
CRITICAL - 2023-06-21 11:20:57 --> Undefined variable $venta_id
in APPPATH\Controllers\CarritoController.php on line 80.
 1 APPPATH\Controllers\CarritoController.php(80): CodeIgniter\Debug\Exceptions->errorHandler(2, 'Undefined variable $venta_id', 'C:\\xampp\\htdocs\\Proyecto_CLuciana\\app\\Controllers\\CarritoController.php', 80)
 2 SYSTEMPATH\CodeIgniter.php(934): App\Controllers\CarritoController->guardarVentaController()
 3 SYSTEMPATH\CodeIgniter.php(499): CodeIgniter\CodeIgniter->runController(Object(App\Controllers\CarritoController))
 4 SYSTEMPATH\CodeIgniter.php(368): CodeIgniter\CodeIgniter->handleRequest(null, Object(Config\Cache), false)
 5 FCPATH\index.php(67): CodeIgniter\CodeIgniter->run()
INFO - 2023-06-21 11:20:58 --> Session: Class initialized using 'CodeIgniter\Session\Handlers\FileHandler' driver.
INFO - 2023-06-21 11:20:58 --> Cart Class Initialized
CRITICAL - 2023-06-21 11:20:58 --> Undefined variable $venta_id
in APPPATH\Controllers\CarritoController.php on line 80.
 1 APPPATH\Controllers\CarritoController.php(80): CodeIgniter\Debug\Exceptions->errorHandler(2, 'Undefined variable $venta_id', 'C:\\xampp\\htdocs\\Proyecto_CLuciana\\app\\Controllers\\CarritoController.php', 80)
 2 SYSTEMPATH\CodeIgniter.php(934): App\Controllers\CarritoController->guardarVentaController()
 3 SYSTEMPATH\CodeIgniter.php(499): CodeIgniter\CodeIgniter->runController(Object(App\Controllers\CarritoController))
 4 SYSTEMPATH\CodeIgniter.php(368): CodeIgniter\CodeIgniter->handleRequest(null, Object(Config\Cache), false)
 5 FCPATH\index.php(67): CodeIgniter\CodeIgniter->run()
INFO - 2023-06-21 11:20:58 --> Session: Class initialized using 'CodeIgniter\Session\Handlers\FileHandler' driver.
INFO - 2023-06-21 11:20:58 --> Cart Class Initialized
CRITICAL - 2023-06-21 11:20:58 --> Undefined variable $venta_id
in APPPATH\Controllers\CarritoController.php on line 80.
 1 APPPATH\Controllers\CarritoController.php(80): CodeIgniter\Debug\Exceptions->errorHandler(2, 'Undefined variable $venta_id', 'C:\\xampp\\htdocs\\Proyecto_CLuciana\\app\\Controllers\\CarritoController.php', 80)
 2 SYSTEMPATH\CodeIgniter.php(934): App\Controllers\CarritoController->guardarVentaController()
 3 SYSTEMPATH\CodeIgniter.php(499): CodeIgniter\CodeIgniter->runController(Object(App\Controllers\CarritoController))
 4 SYSTEMPATH\CodeIgniter.php(368): CodeIgniter\CodeIgniter->handleRequest(null, Object(Config\Cache), false)
 5 FCPATH\index.php(67): CodeIgniter\CodeIgniter->run()
INFO - 2023-06-21 11:20:59 --> Session: Class initialized using 'CodeIgniter\Session\Handlers\FileHandler' driver.
INFO - 2023-06-21 11:20:59 --> Cart Class Initialized
CRITICAL - 2023-06-21 11:20:59 --> Undefined variable $venta_id
in APPPATH\Controllers\CarritoController.php on line 80.
 1 APPPATH\Controllers\CarritoController.php(80): CodeIgniter\Debug\Exceptions->errorHandler(2, 'Undefined variable $venta_id', 'C:\\xampp\\htdocs\\Proyecto_CLuciana\\app\\Controllers\\CarritoController.php', 80)
 2 SYSTEMPATH\CodeIgniter.php(934): App\Controllers\CarritoController->guardarVentaController()
 3 SYSTEMPATH\CodeIgniter.php(499): CodeIgniter\CodeIgniter->runController(Object(App\Controllers\CarritoController))
 4 SYSTEMPATH\CodeIgniter.php(368): CodeIgniter\CodeIgniter->handleRequest(null, Object(Config\Cache), false)
 5 FCPATH\index.php(67): CodeIgniter\CodeIgniter->run()
INFO - 2023-06-21 11:21:00 --> Session: Class initialized using 'CodeIgniter\Session\Handlers\FileHandler' driver.
INFO - 2023-06-21 11:21:00 --> Cart Class Initialized
CRITICAL - 2023-06-21 11:21:00 --> Undefined variable $venta_id
in APPPATH\Controllers\CarritoController.php on line 80.
 1 APPPATH\Controllers\CarritoController.php(80): CodeIgniter\Debug\Exceptions->errorHandler(2, 'Undefined variable $venta_id', 'C:\\xampp\\htdocs\\Proyecto_CLuciana\\app\\Controllers\\CarritoController.php', 80)
 2 SYSTEMPATH\CodeIgniter.php(934): App\Controllers\CarritoController->guardarVentaController()
 3 SYSTEMPATH\CodeIgniter.php(499): CodeIgniter\CodeIgniter->runController(Object(App\Controllers\CarritoController))
 4 SYSTEMPATH\CodeIgniter.php(368): CodeIgniter\CodeIgniter->handleRequest(null, Object(Config\Cache), false)
 5 FCPATH\index.php(67): CodeIgniter\CodeIgniter->run()
INFO - 2023-06-21 11:23:42 --> Session: Class initialized using 'CodeIgniter\Session\Handlers\FileHandler' driver.
INFO - 2023-06-21 11:23:42 --> Cart Class Initialized
INFO - 2023-06-21 11:23:42 --> Session: Class initialized using 'CodeIgniter\Session\Handlers\FileHandler' driver.
INFO - 2023-06-21 11:23:46 --> Session: Class initialized using 'CodeIgniter\Session\Handlers\FileHandler' driver.
INFO - 2023-06-21 11:23:46 --> Cart Class Initialized
INFO - 2023-06-21 11:23:47 --> Session: Class initialized using 'CodeIgniter\Session\Handlers\FileHandler' driver.
INFO - 2023-06-21 11:23:47 --> Cart Class Initialized
INFO - 2023-06-21 11:23:48 --> Session: Class initialized using 'CodeIgniter\Session\Handlers\FileHandler' driver.
INFO - 2023-06-21 11:23:48 --> Cart Class Initialized
INFO - 2023-06-21 11:23:48 --> Session: Class initialized using 'CodeIgniter\Session\Handlers\FileHandler' driver.
INFO - 2023-06-21 11:23:50 --> Session: Class initialized using 'CodeIgniter\Session\Handlers\FileHandler' driver.
INFO - 2023-06-21 11:23:50 --> Cart Class Initialized
INFO - 2023-06-21 11:23:54 --> Session: Class initialized using 'CodeIgniter\Session\Handlers\FileHandler' driver.
INFO - 2023-06-21 11:23:54 --> Cart Class Initialized
INFO - 2023-06-21 11:23:58 --> Session: Class initialized using 'CodeIgniter\Session\Handlers\FileHandler' driver.
INFO - 2023-06-21 11:23:58 --> Cart Class Initialized
INFO - 2023-06-21 12:15:24 --> Session: Class initialized using 'CodeIgniter\Session\Handlers\FileHandler' driver.
INFO - 2023-06-21 12:15:24 --> Session: Class initialized using 'CodeIgniter\Session\Handlers\FileHandler' driver.
INFO - 2023-06-21 12:15:35 --> Session: Class initialized using 'CodeIgniter\Session\Handlers\FileHandler' driver.
INFO - 2023-06-21 12:15:41 --> Session: Class initialized using 'CodeIgniter\Session\Handlers\FileHandler' driver.
INFO - 2023-06-21 12:15:44 --> Session: Class initialized using 'CodeIgniter\Session\Handlers\FileHandler' driver.
INFO - 2023-06-21 12:15:56 --> Session: Class initialized using 'CodeIgniter\Session\Handlers\FileHandler' driver.
INFO - 2023-06-21 12:15:57 --> Session: Class initialized using 'CodeIgniter\Session\Handlers\FileHandler' driver.
INFO - 2023-06-21 12:16:12 --> Session: Class initialized using 'CodeIgniter\Session\Handlers\FileHandler' driver.
INFO - 2023-06-21 12:16:12 --> Session: Class initialized using 'CodeIgniter\Session\Handlers\FileHandler' driver.
INFO - 2023-06-21 12:16:16 --> Session: Class initialized using 'CodeIgniter\Session\Handlers\FileHandler' driver.
INFO - 2023-06-21 12:16:20 --> Session: Class initialized using 'CodeIgniter\Session\Handlers\FileHandler' driver.
INFO - 2023-06-21 12:18:38 --> Session: Class initialized using 'CodeIgniter\Session\Handlers\FileHandler' driver.
INFO - 2023-06-21 12:18:38 --> Session: Class initialized using 'CodeIgniter\Session\Handlers\FileHandler' driver.
INFO - 2023-06-21 12:18:39 --> Session: Class initialized using 'CodeIgniter\Session\Handlers\FileHandler' driver.
INFO - 2023-06-21 12:18:56 --> Session: Class initialized using 'CodeIgniter\Session\Handlers\FileHandler' driver.
INFO - 2023-06-21 12:18:57 --> Session: Class initialized using 'CodeIgniter\Session\Handlers\FileHandler' driver.
INFO - 2023-06-21 12:18:57 --> Session: Class initialized using 'CodeIgniter\Session\Handlers\FileHandler' driver.
INFO - 2023-06-21 12:19:28 --> Session: Class initialized using 'CodeIgniter\Session\Handlers\FileHandler' driver.
INFO - 2023-06-21 12:19:28 --> Cart Class Initialized
INFO - 2023-06-21 12:19:34 --> Session: Class initialized using 'CodeIgniter\Session\Handlers\FileHandler' driver.
INFO - 2023-06-21 12:19:34 --> Session: Class initialized using 'CodeIgniter\Session\Handlers\FileHandler' driver.
INFO - 2023-06-21 12:19:40 --> Session: Class initialized using 'CodeIgniter\Session\Handlers\FileHandler' driver.
INFO - 2023-06-21 12:19:45 --> Session: Class initialized using 'CodeIgniter\Session\Handlers\FileHandler' driver.
INFO - 2023-06-21 12:19:45 --> Session: Class initialized using 'CodeIgniter\Session\Handlers\FileHandler' driver.
INFO - 2023-06-21 12:19:46 --> Session: Class initialized using 'CodeIgniter\Session\Handlers\FileHandler' driver.
INFO - 2023-06-21 12:19:49 --> Session: Class initialized using 'CodeIgniter\Session\Handlers\FileHandler' driver.
INFO - 2023-06-21 12:19:49 --> Cart Class Initialized
INFO - 2023-06-21 12:19:49 --> Session: Class initialized using 'CodeIgniter\Session\Handlers\FileHandler' driver.
INFO - 2023-06-21 12:19:49 --> Cart Class Initialized
INFO - 2023-06-21 12:19:52 --> Session: Class initialized using 'CodeIgniter\Session\Handlers\FileHandler' driver.
INFO - 2023-06-21 12:19:52 --> Cart Class Initialized
INFO - 2023-06-21 12:19:52 --> Session: Class initialized using 'CodeIgniter\Session\Handlers\FileHandler' driver.
INFO - 2023-06-21 12:19:52 --> Cart Class Initialized
INFO - 2023-06-21 12:19:53 --> Session: Class initialized using 'CodeIgniter\Session\Handlers\FileHandler' driver.
INFO - 2023-06-21 12:19:54 --> Session: Class initialized using 'CodeIgniter\Session\Handlers\FileHandler' driver.
INFO - 2023-06-21 12:19:54 --> Cart Class Initialized
INFO - 2023-06-21 12:19:54 --> Session: Class initialized using 'CodeIgniter\Session\Handlers\FileHandler' driver.
INFO - 2023-06-21 12:19:54 --> Cart Class Initialized
INFO - 2023-06-21 12:19:56 --> Session: Class initialized using 'CodeIgniter\Session\Handlers\FileHandler' driver.
INFO - 2023-06-21 12:19:56 --> Cart Class Initialized
INFO - 2023-06-21 12:19:56 --> Session: Class initialized using 'CodeIgniter\Session\Handlers\FileHandler' driver.
INFO - 2023-06-21 12:19:56 --> Cart Class Initialized
INFO - 2023-06-21 12:19:59 --> Session: Class initialized using 'CodeIgniter\Session\Handlers\FileHandler' driver.
INFO - 2023-06-21 12:19:59 --> Cart Class Initialized
INFO - 2023-06-21 12:19:59 --> Session: Class initialized using 'CodeIgniter\Session\Handlers\FileHandler' driver.
INFO - 2023-06-21 12:19:59 --> Cart Class Initialized
INFO - 2023-06-21 12:20:00 --> Session: Class initialized using 'CodeIgniter\Session\Handlers\FileHandler' driver.
INFO - 2023-06-21 12:20:00 --> Cart Class Initialized
INFO - 2023-06-21 12:20:00 --> Session: Class initialized using 'CodeIgniter\Session\Handlers\FileHandler' driver.
INFO - 2023-06-21 12:20:00 --> Cart Class Initialized
INFO - 2023-06-21 12:20:01 --> Session: Class initialized using 'CodeIgniter\Session\Handlers\FileHandler' driver.
INFO - 2023-06-21 12:20:01 --> Cart Class Initialized
INFO - 2023-06-21 12:20:03 --> Session: Class initialized using 'CodeIgniter\Session\Handlers\FileHandler' driver.
INFO - 2023-06-21 12:20:03 --> Cart Class Initialized
INFO - 2023-06-21 12:20:05 --> Session: Class initialized using 'CodeIgniter\Session\Handlers\FileHandler' driver.
INFO - 2023-06-21 12:20:06 --> Session: Class initialized using 'CodeIgniter\Session\Handlers\FileHandler' driver.
INFO - 2023-06-21 12:20:06 --> Cart Class Initialized
INFO - 2023-06-21 12:21:04 --> Session: Class initialized using 'CodeIgniter\Session\Handlers\FileHandler' driver.
INFO - 2023-06-21 12:21:05 --> Session: Class initialized using 'CodeIgniter\Session\Handlers\FileHandler' driver.
INFO - 2023-06-21 12:21:05 --> Cart Class Initialized
INFO - 2023-06-21 12:21:05 --> Session: Class initialized using 'CodeIgniter\Session\Handlers\FileHandler' driver.
INFO - 2023-06-21 12:21:05 --> Cart Class Initialized
INFO - 2023-06-21 12:21:18 --> Session: Class initialized using 'CodeIgniter\Session\Handlers\FileHandler' driver.
INFO - 2023-06-21 12:21:43 --> Session: Class initialized using 'CodeIgniter\Session\Handlers\FileHandler' driver.
INFO - 2023-06-21 12:21:43 --> Session: Class initialized using 'CodeIgniter\Session\Handlers\FileHandler' driver.
INFO - 2023-06-21 12:21:45 --> Session: Class initialized using 'CodeIgniter\Session\Handlers\FileHandler' driver.
INFO - 2023-06-21 12:21:50 --> Session: Class initialized using 'CodeIgniter\Session\Handlers\FileHandler' driver.
INFO - 2023-06-21 12:21:55 --> Session: Class initialized using 'CodeIgniter\Session\Handlers\FileHandler' driver.
INFO - 2023-06-21 12:21:55 --> Cart Class Initialized
INFO - 2023-06-21 12:22:50 --> Session: Class initialized using 'CodeIgniter\Session\Handlers\FileHandler' driver.
INFO - 2023-06-21 12:22:50 --> Cart Class Initialized
INFO - 2023-06-21 12:22:55 --> Session: Class initialized using 'CodeIgniter\Session\Handlers\FileHandler' driver.
INFO - 2023-06-21 12:22:55 --> Session: Class initialized using 'CodeIgniter\Session\Handlers\FileHandler' driver.
INFO - 2023-06-21 12:22:57 --> Session: Class initialized using 'CodeIgniter\Session\Handlers\FileHandler' driver.
INFO - 2023-06-21 12:22:58 --> Session: Class initialized using 'CodeIgniter\Session\Handlers\FileHandler' driver.
INFO - 2023-06-21 12:23:04 --> Session: Class initialized using 'CodeIgniter\Session\Handlers\FileHandler' driver.
INFO - 2023-06-21 12:23:04 --> Session: Class initialized using 'CodeIgniter\Session\Handlers\FileHandler' driver.
INFO - 2023-06-21 12:31:29 --> Session: Class initialized using 'CodeIgniter\Session\Handlers\FileHandler' driver.
INFO - 2023-06-21 12:31:34 --> Session: Class initialized using 'CodeIgniter\Session\Handlers\FileHandler' driver.
INFO - 2023-06-21 13:00:30 --> Session: Class initialized using 'CodeIgniter\Session\Handlers\FileHandler' driver.
INFO - 2023-06-21 13:00:30 --> Cart Class Initialized
INFO - 2023-06-21 13:03:47 --> Session: Class initialized using 'CodeIgniter\Session\Handlers\FileHandler' driver.
INFO - 2023-06-21 13:03:47 --> Cart Class Initialized
INFO - 2023-06-21 13:03:48 --> Session: Class initialized using 'CodeIgniter\Session\Handlers\FileHandler' driver.
INFO - 2023-06-21 13:03:48 --> Cart Class Initialized
INFO - 2023-06-21 13:04:01 --> Session: Class initialized using 'CodeIgniter\Session\Handlers\FileHandler' driver.
INFO - 2023-06-21 13:04:06 --> Session: Class initialized using 'CodeIgniter\Session\Handlers\FileHandler' driver.
INFO - 2023-06-21 13:04:08 --> Session: Class initialized using 'CodeIgniter\Session\Handlers\FileHandler' driver.
INFO - 2023-06-21 13:04:08 --> Session: Class initialized using 'CodeIgniter\Session\Handlers\FileHandler' driver.
INFO - 2023-06-21 13:04:09 --> Session: Class initialized using 'CodeIgniter\Session\Handlers\FileHandler' driver.
INFO - 2023-06-21 13:04:16 --> Session: Class initialized using 'CodeIgniter\Session\Handlers\FileHandler' driver.
INFO - 2023-06-21 13:04:16 --> Session: Class initialized using 'CodeIgniter\Session\Handlers\FileHandler' driver.
INFO - 2023-06-21 13:04:19 --> Session: Class initialized using 'CodeIgniter\Session\Handlers\FileHandler' driver.
INFO - 2023-06-21 13:04:19 --> Cart Class Initialized
INFO - 2023-06-21 13:04:56 --> Session: Class initialized using 'CodeIgniter\Session\Handlers\FileHandler' driver.
INFO - 2023-06-21 13:04:56 --> Cart Class Initialized
INFO - 2023-06-21 13:06:05 --> Session: Class initialized using 'CodeIgniter\Session\Handlers\FileHandler' driver.
INFO - 2023-06-21 13:06:05 --> Cart Class Initialized
INFO - 2023-06-21 13:06:05 --> Session: Class initialized using 'CodeIgniter\Session\Handlers\FileHandler' driver.
INFO - 2023-06-21 13:06:05 --> Cart Class Initialized
INFO - 2023-06-21 13:16:53 --> Session: Class initialized using 'CodeIgniter\Session\Handlers\FileHandler' driver.
INFO - 2023-06-21 13:16:53 --> Cart Class Initialized
CRITICAL - 2023-06-21 13:16:53 --> syntax error, unexpected token "}", expecting "elseif" or "else" or "endif"
in APPPATH\Views\carrito.php on line 82.
 1 SYSTEMPATH\View\View.php(216): CodeIgniter\View\View->CodeIgniter\View\{closure}()
 2 SYSTEMPATH\Common.php(1184): CodeIgniter\View\View->render('carrito', [], true)
 3 APPPATH\Controllers\CarritoController.php(19): view('carrito')
 4 SYSTEMPATH\CodeIgniter.php(934): App\Controllers\CarritoController->verCarritoController()
 5 SYSTEMPATH\CodeIgniter.php(499): CodeIgniter\CodeIgniter->runController(Object(App\Controllers\CarritoController))
 6 SYSTEMPATH\CodeIgniter.php(368): CodeIgniter\CodeIgniter->handleRequest(null, Object(Config\Cache), false)
 7 FCPATH\index.php(67): CodeIgniter\CodeIgniter->run()
INFO - 2023-06-21 13:17:02 --> Session: Class initialized using 'CodeIgniter\Session\Handlers\FileHandler' driver.
INFO - 2023-06-21 13:17:05 --> Session: Class initialized using 'CodeIgniter\Session\Handlers\FileHandler' driver.
INFO - 2023-06-21 13:17:05 --> Cart Class Initialized
CRITICAL - 2023-06-21 13:17:05 --> syntax error, unexpected token "}", expecting "elseif" or "else" or "endif"
in APPPATH\Views\carrito.php on line 82.
 1 SYSTEMPATH\View\View.php(216): CodeIgniter\View\View->CodeIgniter\View\{closure}()
 2 SYSTEMPATH\Common.php(1184): CodeIgniter\View\View->render('carrito', [], true)
 3 APPPATH\Controllers\CarritoController.php(19): view('carrito')
 4 SYSTEMPATH\CodeIgniter.php(934): App\Controllers\CarritoController->verCarritoController()
 5 SYSTEMPATH\CodeIgniter.php(499): CodeIgniter\CodeIgniter->runController(Object(App\Controllers\CarritoController))
 6 SYSTEMPATH\CodeIgniter.php(368): CodeIgniter\CodeIgniter->handleRequest(null, Object(Config\Cache), false)
 7 FCPATH\index.php(67): CodeIgniter\CodeIgniter->run()
INFO - 2023-06-21 13:20:32 --> Session: Class initialized using 'CodeIgniter\Session\Handlers\FileHandler' driver.
INFO - 2023-06-21 13:20:32 --> Cart Class Initialized
CRITICAL - 2023-06-21 13:20:32 --> syntax error, unexpected token "endif"
in APPPATH\Views\carrito.php on line 80.
 1 SYSTEMPATH\View\View.php(216): CodeIgniter\View\View->CodeIgniter\View\{closure}()
 2 SYSTEMPATH\Common.php(1184): CodeIgniter\View\View->render('carrito', [], true)
 3 APPPATH\Controllers\CarritoController.php(19): view('carrito')
 4 SYSTEMPATH\CodeIgniter.php(934): App\Controllers\CarritoController->verCarritoController()
 5 SYSTEMPATH\CodeIgniter.php(499): CodeIgniter\CodeIgniter->runController(Object(App\Controllers\CarritoController))
 6 SYSTEMPATH\CodeIgniter.php(368): CodeIgniter\CodeIgniter->handleRequest(null, Object(Config\Cache), false)
 7 FCPATH\index.php(67): CodeIgniter\CodeIgniter->run()
INFO - 2023-06-21 13:20:33 --> Session: Class initialized using 'CodeIgniter\Session\Handlers\FileHandler' driver.
INFO - 2023-06-21 13:20:33 --> Cart Class Initialized
CRITICAL - 2023-06-21 13:20:33 --> syntax error, unexpected token "endif"
in APPPATH\Views\carrito.php on line 80.
 1 SYSTEMPATH\View\View.php(216): CodeIgniter\View\View->CodeIgniter\View\{closure}()
 2 SYSTEMPATH\Common.php(1184): CodeIgniter\View\View->render('carrito', [], true)
 3 APPPATH\Controllers\CarritoController.php(19): view('carrito')
 4 SYSTEMPATH\CodeIgniter.php(934): App\Controllers\CarritoController->verCarritoController()
 5 SYSTEMPATH\CodeIgniter.php(499): CodeIgniter\CodeIgniter->runController(Object(App\Controllers\CarritoController))
 6 SYSTEMPATH\CodeIgniter.php(368): CodeIgniter\CodeIgniter->handleRequest(null, Object(Config\Cache), false)
 7 FCPATH\index.php(67): CodeIgniter\CodeIgniter->run()
INFO - 2023-06-21 13:21:10 --> Session: Class initialized using 'CodeIgniter\Session\Handlers\FileHandler' driver.
INFO - 2023-06-21 13:21:10 --> Cart Class Initialized
CRITICAL - 2023-06-21 13:21:10 --> syntax error, unexpected token "{", expecting ":"
in APPPATH\Views\carrito.php on line 82.
 1 SYSTEMPATH\View\View.php(216): CodeIgniter\View\View->CodeIgniter\View\{closure}()
 2 SYSTEMPATH\Common.php(1184): CodeIgniter\View\View->render('carrito', [], true)
 3 APPPATH\Controllers\CarritoController.php(19): view('carrito')
 4 SYSTEMPATH\CodeIgniter.php(934): App\Controllers\CarritoController->verCarritoController()
 5 SYSTEMPATH\CodeIgniter.php(499): CodeIgniter\CodeIgniter->runController(Object(App\Controllers\CarritoController))
 6 SYSTEMPATH\CodeIgniter.php(368): CodeIgniter\CodeIgniter->handleRequest(null, Object(Config\Cache), false)
 7 FCPATH\index.php(67): CodeIgniter\CodeIgniter->run()
INFO - 2023-06-21 13:23:16 --> Session: Class initialized using 'CodeIgniter\Session\Handlers\FileHandler' driver.
INFO - 2023-06-21 13:23:16 --> Cart Class Initialized
CRITICAL - 2023-06-21 13:23:16 --> syntax error, unexpected token "}", expecting "elseif" or "else" or "endif"
in APPPATH\Views\carrito.php on line 82.
 1 SYSTEMPATH\View\View.php(216): CodeIgniter\View\View->CodeIgniter\View\{closure}()
 2 SYSTEMPATH\Common.php(1184): CodeIgniter\View\View->render('carrito', [], true)
 3 APPPATH\Controllers\CarritoController.php(19): view('carrito')
 4 SYSTEMPATH\CodeIgniter.php(934): App\Controllers\CarritoController->verCarritoController()
 5 SYSTEMPATH\CodeIgniter.php(499): CodeIgniter\CodeIgniter->runController(Object(App\Controllers\CarritoController))
 6 SYSTEMPATH\CodeIgniter.php(368): CodeIgniter\CodeIgniter->handleRequest(null, Object(Config\Cache), false)
 7 FCPATH\index.php(67): CodeIgniter\CodeIgniter->run()
INFO - 2023-06-21 13:23:17 --> Session: Class initialized using 'CodeIgniter\Session\Handlers\FileHandler' driver.
INFO - 2023-06-21 13:23:17 --> Cart Class Initialized
CRITICAL - 2023-06-21 13:23:17 --> syntax error, unexpected token "}", expecting "elseif" or "else" or "endif"
in APPPATH\Views\carrito.php on line 82.
 1 SYSTEMPATH\View\View.php(216): CodeIgniter\View\View->CodeIgniter\View\{closure}()
 2 SYSTEMPATH\Common.php(1184): CodeIgniter\View\View->render('carrito', [], true)
 3 APPPATH\Controllers\CarritoController.php(19): view('carrito')
 4 SYSTEMPATH\CodeIgniter.php(934): App\Controllers\CarritoController->verCarritoController()
 5 SYSTEMPATH\CodeIgniter.php(499): CodeIgniter\CodeIgniter->runController(Object(App\Controllers\CarritoController))
 6 SYSTEMPATH\CodeIgniter.php(368): CodeIgniter\CodeIgniter->handleRequest(null, Object(Config\Cache), false)
 7 FCPATH\index.php(67): CodeIgniter\CodeIgniter->run()
INFO - 2023-06-21 13:24:01 --> Session: Class initialized using 'CodeIgniter\Session\Handlers\FileHandler' driver.
INFO - 2023-06-21 13:24:01 --> Cart Class Initialized
CRITICAL - 2023-06-21 13:24:01 --> syntax error, unexpected token "}", expecting "elseif" or "else" or "endif"
in APPPATH\Views\carrito.php on line 82.
 1 SYSTEMPATH\View\View.php(216): CodeIgniter\View\View->CodeIgniter\View\{closure}()
 2 SYSTEMPATH\Common.php(1184): CodeIgniter\View\View->render('carrito', [], true)
 3 APPPATH\Controllers\CarritoController.php(19): view('carrito')
 4 SYSTEMPATH\CodeIgniter.php(934): App\Controllers\CarritoController->verCarritoController()
 5 SYSTEMPATH\CodeIgniter.php(499): CodeIgniter\CodeIgniter->runController(Object(App\Controllers\CarritoController))
 6 SYSTEMPATH\CodeIgniter.php(368): CodeIgniter\CodeIgniter->handleRequest(null, Object(Config\Cache), false)
 7 FCPATH\index.php(67): CodeIgniter\CodeIgniter->run()
INFO - 2023-06-21 13:24:04 --> Session: Class initialized using 'CodeIgniter\Session\Handlers\FileHandler' driver.
INFO - 2023-06-21 13:24:04 --> Cart Class Initialized
CRITICAL - 2023-06-21 13:24:04 --> syntax error, unexpected token "}", expecting "elseif" or "else" or "endif"
in APPPATH\Views\carrito.php on line 82.
 1 SYSTEMPATH\View\View.php(216): CodeIgniter\View\View->CodeIgniter\View\{closure}()
 2 SYSTEMPATH\Common.php(1184): CodeIgniter\View\View->render('carrito', [], true)
 3 APPPATH\Controllers\CarritoController.php(19): view('carrito')
 4 SYSTEMPATH\CodeIgniter.php(934): App\Controllers\CarritoController->verCarritoController()
 5 SYSTEMPATH\CodeIgniter.php(499): CodeIgniter\CodeIgniter->runController(Object(App\Controllers\CarritoController))
 6 SYSTEMPATH\CodeIgniter.php(368): CodeIgniter\CodeIgniter->handleRequest(null, Object(Config\Cache), false)
 7 FCPATH\index.php(67): CodeIgniter\CodeIgniter->run()
INFO - 2023-06-21 13:24:05 --> Session: Class initialized using 'CodeIgniter\Session\Handlers\FileHandler' driver.
INFO - 2023-06-21 13:24:05 --> Cart Class Initialized
CRITICAL - 2023-06-21 13:24:05 --> syntax error, unexpected token "}", expecting "elseif" or "else" or "endif"
in APPPATH\Views\carrito.php on line 82.
 1 SYSTEMPATH\View\View.php(216): CodeIgniter\View\View->CodeIgniter\View\{closure}()
 2 SYSTEMPATH\Common.php(1184): CodeIgniter\View\View->render('carrito', [], true)
 3 APPPATH\Controllers\CarritoController.php(19): view('carrito')
 4 SYSTEMPATH\CodeIgniter.php(934): App\Controllers\CarritoController->verCarritoController()
 5 SYSTEMPATH\CodeIgniter.php(499): CodeIgniter\CodeIgniter->runController(Object(App\Controllers\CarritoController))
 6 SYSTEMPATH\CodeIgniter.php(368): CodeIgniter\CodeIgniter->handleRequest(null, Object(Config\Cache), false)
 7 FCPATH\index.php(67): CodeIgniter\CodeIgniter->run()
INFO - 2023-06-21 13:24:06 --> Session: Class initialized using 'CodeIgniter\Session\Handlers\FileHandler' driver.
INFO - 2023-06-21 13:24:06 --> Cart Class Initialized
CRITICAL - 2023-06-21 13:24:06 --> syntax error, unexpected token "}", expecting "elseif" or "else" or "endif"
in APPPATH\Views\carrito.php on line 82.
 1 SYSTEMPATH\View\View.php(216): CodeIgniter\View\View->CodeIgniter\View\{closure}()
 2 SYSTEMPATH\Common.php(1184): CodeIgniter\View\View->render('carrito', [], true)
 3 APPPATH\Controllers\CarritoController.php(19): view('carrito')
 4 SYSTEMPATH\CodeIgniter.php(934): App\Controllers\CarritoController->verCarritoController()
 5 SYSTEMPATH\CodeIgniter.php(499): CodeIgniter\CodeIgniter->runController(Object(App\Controllers\CarritoController))
 6 SYSTEMPATH\CodeIgniter.php(368): CodeIgniter\CodeIgniter->handleRequest(null, Object(Config\Cache), false)
 7 FCPATH\index.php(67): CodeIgniter\CodeIgniter->run()
INFO - 2023-06-21 13:24:06 --> Session: Class initialized using 'CodeIgniter\Session\Handlers\FileHandler' driver.
INFO - 2023-06-21 13:24:06 --> Cart Class Initialized
CRITICAL - 2023-06-21 13:24:06 --> syntax error, unexpected token "}", expecting "elseif" or "else" or "endif"
in APPPATH\Views\carrito.php on line 82.
 1 SYSTEMPATH\View\View.php(216): CodeIgniter\View\View->CodeIgniter\View\{closure}()
 2 SYSTEMPATH\Common.php(1184): CodeIgniter\View\View->render('carrito', [], true)
 3 APPPATH\Controllers\CarritoController.php(19): view('carrito')
 4 SYSTEMPATH\CodeIgniter.php(934): App\Controllers\CarritoController->verCarritoController()
 5 SYSTEMPATH\CodeIgniter.php(499): CodeIgniter\CodeIgniter->runController(Object(App\Controllers\CarritoController))
 6 SYSTEMPATH\CodeIgniter.php(368): CodeIgniter\CodeIgniter->handleRequest(null, Object(Config\Cache), false)
 7 FCPATH\index.php(67): CodeIgniter\CodeIgniter->run()
INFO - 2023-06-21 13:24:07 --> Session: Class initialized using 'CodeIgniter\Session\Handlers\FileHandler' driver.
INFO - 2023-06-21 13:24:07 --> Cart Class Initialized
CRITICAL - 2023-06-21 13:24:07 --> syntax error, unexpected token "}", expecting "elseif" or "else" or "endif"
in APPPATH\Views\carrito.php on line 82.
 1 SYSTEMPATH\View\View.php(216): CodeIgniter\View\View->CodeIgniter\View\{closure}()
 2 SYSTEMPATH\Common.php(1184): CodeIgniter\View\View->render('carrito', [], true)
 3 APPPATH\Controllers\CarritoController.php(19): view('carrito')
 4 SYSTEMPATH\CodeIgniter.php(934): App\Controllers\CarritoController->verCarritoController()
 5 SYSTEMPATH\CodeIgniter.php(499): CodeIgniter\CodeIgniter->runController(Object(App\Controllers\CarritoController))
 6 SYSTEMPATH\CodeIgniter.php(368): CodeIgniter\CodeIgniter->handleRequest(null, Object(Config\Cache), false)
 7 FCPATH\index.php(67): CodeIgniter\CodeIgniter->run()
INFO - 2023-06-21 13:24:08 --> Session: Class initialized using 'CodeIgniter\Session\Handlers\FileHandler' driver.
INFO - 2023-06-21 13:24:09 --> Session: Class initialized using 'CodeIgniter\Session\Handlers\FileHandler' driver.
INFO - 2023-06-21 13:24:11 --> Session: Class initialized using 'CodeIgniter\Session\Handlers\FileHandler' driver.
INFO - 2023-06-21 13:24:11 --> Cart Class Initialized
CRITICAL - 2023-06-21 13:24:11 --> syntax error, unexpected token "}", expecting "elseif" or "else" or "endif"
in APPPATH\Views\carrito.php on line 82.
 1 SYSTEMPATH\View\View.php(216): CodeIgniter\View\View->CodeIgniter\View\{closure}()
 2 SYSTEMPATH\Common.php(1184): CodeIgniter\View\View->render('carrito', [], true)
 3 APPPATH\Controllers\CarritoController.php(19): view('carrito')
 4 SYSTEMPATH\CodeIgniter.php(934): App\Controllers\CarritoController->verCarritoController()
 5 SYSTEMPATH\CodeIgniter.php(499): CodeIgniter\CodeIgniter->runController(Object(App\Controllers\CarritoController))
 6 SYSTEMPATH\CodeIgniter.php(368): CodeIgniter\CodeIgniter->handleRequest(null, Object(Config\Cache), false)
 7 FCPATH\index.php(67): CodeIgniter\CodeIgniter->run()
INFO - 2023-06-21 13:24:15 --> Session: Class initialized using 'CodeIgniter\Session\Handlers\FileHandler' driver.
INFO - 2023-06-21 13:24:15 --> Session: Class initialized using 'CodeIgniter\Session\Handlers\FileHandler' driver.
INFO - 2023-06-21 13:24:16 --> Session: Class initialized using 'CodeIgniter\Session\Handlers\FileHandler' driver.
INFO - 2023-06-21 13:24:20 --> Session: Class initialized using 'CodeIgniter\Session\Handlers\FileHandler' driver.
INFO - 2023-06-21 13:24:20 --> Session: Class initialized using 'CodeIgniter\Session\Handlers\FileHandler' driver.
INFO - 2023-06-21 13:24:21 --> Session: Class initialized using 'CodeIgniter\Session\Handlers\FileHandler' driver.
INFO - 2023-06-21 13:24:21 --> Cart Class Initialized
CRITICAL - 2023-06-21 13:24:21 --> syntax error, unexpected token "}", expecting "elseif" or "else" or "endif"
in APPPATH\Views\carrito.php on line 82.
 1 SYSTEMPATH\View\View.php(216): CodeIgniter\View\View->CodeIgniter\View\{closure}()
 2 SYSTEMPATH\Common.php(1184): CodeIgniter\View\View->render('carrito', [], true)
 3 APPPATH\Controllers\CarritoController.php(19): view('carrito')
 4 SYSTEMPATH\CodeIgniter.php(934): App\Controllers\CarritoController->verCarritoController()
 5 SYSTEMPATH\CodeIgniter.php(499): CodeIgniter\CodeIgniter->runController(Object(App\Controllers\CarritoController))
 6 SYSTEMPATH\CodeIgniter.php(368): CodeIgniter\CodeIgniter->handleRequest(null, Object(Config\Cache), false)
 7 FCPATH\index.php(67): CodeIgniter\CodeIgniter->run()
INFO - 2023-06-21 13:24:40 --> Session: Class initialized using 'CodeIgniter\Session\Handlers\FileHandler' driver.
INFO - 2023-06-21 13:24:40 --> Cart Class Initialized
CRITICAL - 2023-06-21 13:24:40 --> syntax error, unexpected token "}", expecting "elseif" or "else" or "endif"
in APPPATH\Views\carrito.php on line 82.
 1 SYSTEMPATH\View\View.php(216): CodeIgniter\View\View->CodeIgniter\View\{closure}()
 2 SYSTEMPATH\Common.php(1184): CodeIgniter\View\View->render('carrito', [], true)
 3 APPPATH\Controllers\CarritoController.php(19): view('carrito')
 4 SYSTEMPATH\CodeIgniter.php(934): App\Controllers\CarritoController->verCarritoController()
 5 SYSTEMPATH\CodeIgniter.php(499): CodeIgniter\CodeIgniter->runController(Object(App\Controllers\CarritoController))
 6 SYSTEMPATH\CodeIgniter.php(368): CodeIgniter\CodeIgniter->handleRequest(null, Object(Config\Cache), false)
 7 FCPATH\index.php(67): CodeIgniter\CodeIgniter->run()
INFO - 2023-06-21 13:24:56 --> Session: Class initialized using 'CodeIgniter\Session\Handlers\FileHandler' driver.
INFO - 2023-06-21 13:24:56 --> Cart Class Initialized
CRITICAL - 2023-06-21 13:24:56 --> syntax error, unexpected token "}", expecting "elseif" or "else" or "endif"
in APPPATH\Views\carrito.php on line 82.
 1 SYSTEMPATH\View\View.php(216): CodeIgniter\View\View->CodeIgniter\View\{closure}()
 2 SYSTEMPATH\Common.php(1184): CodeIgniter\View\View->render('carrito', [], true)
 3 APPPATH\Controllers\CarritoController.php(19): view('carrito')
 4 SYSTEMPATH\CodeIgniter.php(934): App\Controllers\CarritoController->verCarritoController()
 5 SYSTEMPATH\CodeIgniter.php(499): CodeIgniter\CodeIgniter->runController(Object(App\Controllers\CarritoController))
 6 SYSTEMPATH\CodeIgniter.php(368): CodeIgniter\CodeIgniter->handleRequest(null, Object(Config\Cache), false)
 7 FCPATH\index.php(67): CodeIgniter\CodeIgniter->run()
INFO - 2023-06-21 13:24:56 --> Session: Class initialized using 'CodeIgniter\Session\Handlers\FileHandler' driver.
INFO - 2023-06-21 13:24:56 --> Cart Class Initialized
CRITICAL - 2023-06-21 13:24:56 --> syntax error, unexpected token "}", expecting "elseif" or "else" or "endif"
in APPPATH\Views\carrito.php on line 82.
 1 SYSTEMPATH\View\View.php(216): CodeIgniter\View\View->CodeIgniter\View\{closure}()
 2 SYSTEMPATH\Common.php(1184): CodeIgniter\View\View->render('carrito', [], true)
 3 APPPATH\Controllers\CarritoController.php(19): view('carrito')
 4 SYSTEMPATH\CodeIgniter.php(934): App\Controllers\CarritoController->verCarritoController()
 5 SYSTEMPATH\CodeIgniter.php(499): CodeIgniter\CodeIgniter->runController(Object(App\Controllers\CarritoController))
 6 SYSTEMPATH\CodeIgniter.php(368): CodeIgniter\CodeIgniter->handleRequest(null, Object(Config\Cache), false)
 7 FCPATH\index.php(67): CodeIgniter\CodeIgniter->run()
INFO - 2023-06-21 13:24:57 --> Session: Class initialized using 'CodeIgniter\Session\Handlers\FileHandler' driver.
INFO - 2023-06-21 13:24:57 --> Cart Class Initialized
CRITICAL - 2023-06-21 13:24:57 --> syntax error, unexpected token "}", expecting "elseif" or "else" or "endif"
in APPPATH\Views\carrito.php on line 82.
 1 SYSTEMPATH\View\View.php(216): CodeIgniter\View\View->CodeIgniter\View\{closure}()
 2 SYSTEMPATH\Common.php(1184): CodeIgniter\View\View->render('carrito', [], true)
 3 APPPATH\Controllers\CarritoController.php(19): view('carrito')
 4 SYSTEMPATH\CodeIgniter.php(934): App\Controllers\CarritoController->verCarritoController()
 5 SYSTEMPATH\CodeIgniter.php(499): CodeIgniter\CodeIgniter->runController(Object(App\Controllers\CarritoController))
 6 SYSTEMPATH\CodeIgniter.php(368): CodeIgniter\CodeIgniter->handleRequest(null, Object(Config\Cache), false)
 7 FCPATH\index.php(67): CodeIgniter\CodeIgniter->run()
INFO - 2023-06-21 13:24:57 --> Session: Class initialized using 'CodeIgniter\Session\Handlers\FileHandler' driver.
INFO - 2023-06-21 13:24:57 --> Cart Class Initialized
CRITICAL - 2023-06-21 13:24:57 --> syntax error, unexpected token "}", expecting "elseif" or "else" or "endif"
in APPPATH\Views\carrito.php on line 82.
 1 SYSTEMPATH\View\View.php(216): CodeIgniter\View\View->CodeIgniter\View\{closure}()
 2 SYSTEMPATH\Common.php(1184): CodeIgniter\View\View->render('carrito', [], true)
 3 APPPATH\Controllers\CarritoController.php(19): view('carrito')
 4 SYSTEMPATH\CodeIgniter.php(934): App\Controllers\CarritoController->verCarritoController()
 5 SYSTEMPATH\CodeIgniter.php(499): CodeIgniter\CodeIgniter->runController(Object(App\Controllers\CarritoController))
 6 SYSTEMPATH\CodeIgniter.php(368): CodeIgniter\CodeIgniter->handleRequest(null, Object(Config\Cache), false)
 7 FCPATH\index.php(67): CodeIgniter\CodeIgniter->run()
INFO - 2023-06-21 13:24:58 --> Session: Class initialized using 'CodeIgniter\Session\Handlers\FileHandler' driver.
INFO - 2023-06-21 13:24:58 --> Cart Class Initialized
CRITICAL - 2023-06-21 13:24:58 --> syntax error, unexpected token "}", expecting "elseif" or "else" or "endif"
in APPPATH\Views\carrito.php on line 82.
 1 SYSTEMPATH\View\View.php(216): CodeIgniter\View\View->CodeIgniter\View\{closure}()
 2 SYSTEMPATH\Common.php(1184): CodeIgniter\View\View->render('carrito', [], true)
 3 APPPATH\Controllers\CarritoController.php(19): view('carrito')
 4 SYSTEMPATH\CodeIgniter.php(934): App\Controllers\CarritoController->verCarritoController()
 5 SYSTEMPATH\CodeIgniter.php(499): CodeIgniter\CodeIgniter->runController(Object(App\Controllers\CarritoController))
 6 SYSTEMPATH\CodeIgniter.php(368): CodeIgniter\CodeIgniter->handleRequest(null, Object(Config\Cache), false)
 7 FCPATH\index.php(67): CodeIgniter\CodeIgniter->run()
INFO - 2023-06-21 13:24:58 --> Session: Class initialized using 'CodeIgniter\Session\Handlers\FileHandler' driver.
INFO - 2023-06-21 13:24:58 --> Cart Class Initialized
CRITICAL - 2023-06-21 13:24:58 --> syntax error, unexpected token "}", expecting "elseif" or "else" or "endif"
in APPPATH\Views\carrito.php on line 82.
 1 SYSTEMPATH\View\View.php(216): CodeIgniter\View\View->CodeIgniter\View\{closure}()
 2 SYSTEMPATH\Common.php(1184): CodeIgniter\View\View->render('carrito', [], true)
 3 APPPATH\Controllers\CarritoController.php(19): view('carrito')
 4 SYSTEMPATH\CodeIgniter.php(934): App\Controllers\CarritoController->verCarritoController()
 5 SYSTEMPATH\CodeIgniter.php(499): CodeIgniter\CodeIgniter->runController(Object(App\Controllers\CarritoController))
 6 SYSTEMPATH\CodeIgniter.php(368): CodeIgniter\CodeIgniter->handleRequest(null, Object(Config\Cache), false)
 7 FCPATH\index.php(67): CodeIgniter\CodeIgniter->run()
INFO - 2023-06-21 13:24:58 --> Session: Class initialized using 'CodeIgniter\Session\Handlers\FileHandler' driver.
INFO - 2023-06-21 13:24:58 --> Cart Class Initialized
CRITICAL - 2023-06-21 13:24:58 --> syntax error, unexpected token "}", expecting "elseif" or "else" or "endif"
in APPPATH\Views\carrito.php on line 82.
 1 SYSTEMPATH\View\View.php(216): CodeIgniter\View\View->CodeIgniter\View\{closure}()
 2 SYSTEMPATH\Common.php(1184): CodeIgniter\View\View->render('carrito', [], true)
 3 APPPATH\Controllers\CarritoController.php(19): view('carrito')
 4 SYSTEMPATH\CodeIgniter.php(934): App\Controllers\CarritoController->verCarritoController()
 5 SYSTEMPATH\CodeIgniter.php(499): CodeIgniter\CodeIgniter->runController(Object(App\Controllers\CarritoController))
 6 SYSTEMPATH\CodeIgniter.php(368): CodeIgniter\CodeIgniter->handleRequest(null, Object(Config\Cache), false)
 7 FCPATH\index.php(67): CodeIgniter\CodeIgniter->run()
INFO - 2023-06-21 13:24:59 --> Session: Class initialized using 'CodeIgniter\Session\Handlers\FileHandler' driver.
INFO - 2023-06-21 13:24:59 --> Cart Class Initialized
CRITICAL - 2023-06-21 13:24:59 --> syntax error, unexpected token "}", expecting "elseif" or "else" or "endif"
in APPPATH\Views\carrito.php on line 82.
 1 SYSTEMPATH\View\View.php(216): CodeIgniter\View\View->CodeIgniter\View\{closure}()
 2 SYSTEMPATH\Common.php(1184): CodeIgniter\View\View->render('carrito', [], true)
 3 APPPATH\Controllers\CarritoController.php(19): view('carrito')
 4 SYSTEMPATH\CodeIgniter.php(934): App\Controllers\CarritoController->verCarritoController()
 5 SYSTEMPATH\CodeIgniter.php(499): CodeIgniter\CodeIgniter->runController(Object(App\Controllers\CarritoController))
 6 SYSTEMPATH\CodeIgniter.php(368): CodeIgniter\CodeIgniter->handleRequest(null, Object(Config\Cache), false)
 7 FCPATH\index.php(67): CodeIgniter\CodeIgniter->run()
INFO - 2023-06-21 13:25:38 --> Session: Class initialized using 'CodeIgniter\Session\Handlers\FileHandler' driver.
INFO - 2023-06-21 13:25:38 --> Cart Class Initialized
CRITICAL - 2023-06-21 13:25:38 --> syntax error, unexpected token "}", expecting "elseif" or "else" or "endif"
in APPPATH\Views\carrito.php on line 82.
 1 SYSTEMPATH\View\View.php(216): CodeIgniter\View\View->CodeIgniter\View\{closure}()
 2 SYSTEMPATH\Common.php(1184): CodeIgniter\View\View->render('carrito', [], true)
 3 APPPATH\Controllers\CarritoController.php(19): view('carrito')
 4 SYSTEMPATH\CodeIgniter.php(934): App\Controllers\CarritoController->verCarritoController()
 5 SYSTEMPATH\CodeIgniter.php(499): CodeIgniter\CodeIgniter->runController(Object(App\Controllers\CarritoController))
 6 SYSTEMPATH\CodeIgniter.php(368): CodeIgniter\CodeIgniter->handleRequest(null, Object(Config\Cache), false)
 7 FCPATH\index.php(67): CodeIgniter\CodeIgniter->run()
INFO - 2023-06-21 13:25:39 --> Session: Class initialized using 'CodeIgniter\Session\Handlers\FileHandler' driver.
INFO - 2023-06-21 13:25:39 --> Cart Class Initialized
CRITICAL - 2023-06-21 13:25:39 --> syntax error, unexpected token "}", expecting "elseif" or "else" or "endif"
in APPPATH\Views\carrito.php on line 82.
 1 SYSTEMPATH\View\View.php(216): CodeIgniter\View\View->CodeIgniter\View\{closure}()
 2 SYSTEMPATH\Common.php(1184): CodeIgniter\View\View->render('carrito', [], true)
 3 APPPATH\Controllers\CarritoController.php(19): view('carrito')
 4 SYSTEMPATH\CodeIgniter.php(934): App\Controllers\CarritoController->verCarritoController()
 5 SYSTEMPATH\CodeIgniter.php(499): CodeIgniter\CodeIgniter->runController(Object(App\Controllers\CarritoController))
 6 SYSTEMPATH\CodeIgniter.php(368): CodeIgniter\CodeIgniter->handleRequest(null, Object(Config\Cache), false)
 7 FCPATH\index.php(67): CodeIgniter\CodeIgniter->run()
INFO - 2023-06-21 13:26:13 --> Session: Class initialized using 'CodeIgniter\Session\Handlers\FileHandler' driver.
INFO - 2023-06-21 13:26:13 --> Cart Class Initialized
CRITICAL - 2023-06-21 13:26:13 --> syntax error, unexpected token "}", expecting "elseif" or "else" or "endif"
in APPPATH\Views\carrito.php on line 80.
 1 SYSTEMPATH\View\View.php(216): CodeIgniter\View\View->CodeIgniter\View\{closure}()
 2 SYSTEMPATH\Common.php(1184): CodeIgniter\View\View->render('carrito', [], true)
 3 APPPATH\Controllers\CarritoController.php(19): view('carrito')
 4 SYSTEMPATH\CodeIgniter.php(934): App\Controllers\CarritoController->verCarritoController()
 5 SYSTEMPATH\CodeIgniter.php(499): CodeIgniter\CodeIgniter->runController(Object(App\Controllers\CarritoController))
 6 SYSTEMPATH\CodeIgniter.php(368): CodeIgniter\CodeIgniter->handleRequest(null, Object(Config\Cache), false)
 7 FCPATH\index.php(67): CodeIgniter\CodeIgniter->run()
INFO - 2023-06-21 13:26:13 --> Session: Class initialized using 'CodeIgniter\Session\Handlers\FileHandler' driver.
INFO - 2023-06-21 13:26:13 --> Cart Class Initialized
CRITICAL - 2023-06-21 13:26:13 --> syntax error, unexpected token "}", expecting "elseif" or "else" or "endif"
in APPPATH\Views\carrito.php on line 80.
 1 SYSTEMPATH\View\View.php(216): CodeIgniter\View\View->CodeIgniter\View\{closure}()
 2 SYSTEMPATH\Common.php(1184): CodeIgniter\View\View->render('carrito', [], true)
 3 APPPATH\Controllers\CarritoController.php(19): view('carrito')
 4 SYSTEMPATH\CodeIgniter.php(934): App\Controllers\CarritoController->verCarritoController()
 5 SYSTEMPATH\CodeIgniter.php(499): CodeIgniter\CodeIgniter->runController(Object(App\Controllers\CarritoController))
 6 SYSTEMPATH\CodeIgniter.php(368): CodeIgniter\CodeIgniter->handleRequest(null, Object(Config\Cache), false)
 7 FCPATH\index.php(67): CodeIgniter\CodeIgniter->run()
INFO - 2023-06-21 13:26:14 --> Session: Class initialized using 'CodeIgniter\Session\Handlers\FileHandler' driver.
INFO - 2023-06-21 13:26:14 --> Cart Class Initialized
CRITICAL - 2023-06-21 13:26:14 --> syntax error, unexpected token "}", expecting "elseif" or "else" or "endif"
in APPPATH\Views\carrito.php on line 80.
 1 SYSTEMPATH\View\View.php(216): CodeIgniter\View\View->CodeIgniter\View\{closure}()
 2 SYSTEMPATH\Common.php(1184): CodeIgniter\View\View->render('carrito', [], true)
 3 APPPATH\Controllers\CarritoController.php(19): view('carrito')
 4 SYSTEMPATH\CodeIgniter.php(934): App\Controllers\CarritoController->verCarritoController()
 5 SYSTEMPATH\CodeIgniter.php(499): CodeIgniter\CodeIgniter->runController(Object(App\Controllers\CarritoController))
 6 SYSTEMPATH\CodeIgniter.php(368): CodeIgniter\CodeIgniter->handleRequest(null, Object(Config\Cache), false)
 7 FCPATH\index.php(67): CodeIgniter\CodeIgniter->run()
INFO - 2023-06-21 13:26:14 --> Session: Class initialized using 'CodeIgniter\Session\Handlers\FileHandler' driver.
INFO - 2023-06-21 13:26:14 --> Cart Class Initialized
CRITICAL - 2023-06-21 13:26:14 --> syntax error, unexpected token "}", expecting "elseif" or "else" or "endif"
in APPPATH\Views\carrito.php on line 80.
 1 SYSTEMPATH\View\View.php(216): CodeIgniter\View\View->CodeIgniter\View\{closure}()
 2 SYSTEMPATH\Common.php(1184): CodeIgniter\View\View->render('carrito', [], true)
 3 APPPATH\Controllers\CarritoController.php(19): view('carrito')
 4 SYSTEMPATH\CodeIgniter.php(934): App\Controllers\CarritoController->verCarritoController()
 5 SYSTEMPATH\CodeIgniter.php(499): CodeIgniter\CodeIgniter->runController(Object(App\Controllers\CarritoController))
 6 SYSTEMPATH\CodeIgniter.php(368): CodeIgniter\CodeIgniter->handleRequest(null, Object(Config\Cache), false)
 7 FCPATH\index.php(67): CodeIgniter\CodeIgniter->run()
INFO - 2023-06-21 13:26:15 --> Session: Class initialized using 'CodeIgniter\Session\Handlers\FileHandler' driver.
INFO - 2023-06-21 13:26:15 --> Cart Class Initialized
CRITICAL - 2023-06-21 13:26:15 --> syntax error, unexpected token "}", expecting "elseif" or "else" or "endif"
in APPPATH\Views\carrito.php on line 80.
 1 SYSTEMPATH\View\View.php(216): CodeIgniter\View\View->CodeIgniter\View\{closure}()
 2 SYSTEMPATH\Common.php(1184): CodeIgniter\View\View->render('carrito', [], true)
 3 APPPATH\Controllers\CarritoController.php(19): view('carrito')
 4 SYSTEMPATH\CodeIgniter.php(934): App\Controllers\CarritoController->verCarritoController()
 5 SYSTEMPATH\CodeIgniter.php(499): CodeIgniter\CodeIgniter->runController(Object(App\Controllers\CarritoController))
 6 SYSTEMPATH\CodeIgniter.php(368): CodeIgniter\CodeIgniter->handleRequest(null, Object(Config\Cache), false)
 7 FCPATH\index.php(67): CodeIgniter\CodeIgniter->run()
INFO - 2023-06-21 13:26:15 --> Session: Class initialized using 'CodeIgniter\Session\Handlers\FileHandler' driver.
INFO - 2023-06-21 13:26:15 --> Cart Class Initialized
CRITICAL - 2023-06-21 13:26:15 --> syntax error, unexpected token "}", expecting "elseif" or "else" or "endif"
in APPPATH\Views\carrito.php on line 80.
 1 SYSTEMPATH\View\View.php(216): CodeIgniter\View\View->CodeIgniter\View\{closure}()
 2 SYSTEMPATH\Common.php(1184): CodeIgniter\View\View->render('carrito', [], true)
 3 APPPATH\Controllers\CarritoController.php(19): view('carrito')
 4 SYSTEMPATH\CodeIgniter.php(934): App\Controllers\CarritoController->verCarritoController()
 5 SYSTEMPATH\CodeIgniter.php(499): CodeIgniter\CodeIgniter->runController(Object(App\Controllers\CarritoController))
 6 SYSTEMPATH\CodeIgniter.php(368): CodeIgniter\CodeIgniter->handleRequest(null, Object(Config\Cache), false)
 7 FCPATH\index.php(67): CodeIgniter\CodeIgniter->run()
INFO - 2023-06-21 13:26:16 --> Session: Class initialized using 'CodeIgniter\Session\Handlers\FileHandler' driver.
INFO - 2023-06-21 13:26:16 --> Cart Class Initialized
CRITICAL - 2023-06-21 13:26:16 --> syntax error, unexpected token "}", expecting "elseif" or "else" or "endif"
in APPPATH\Views\carrito.php on line 80.
 1 SYSTEMPATH\View\View.php(216): CodeIgniter\View\View->CodeIgniter\View\{closure}()
 2 SYSTEMPATH\Common.php(1184): CodeIgniter\View\View->render('carrito', [], true)
 3 APPPATH\Controllers\CarritoController.php(19): view('carrito')
 4 SYSTEMPATH\CodeIgniter.php(934): App\Controllers\CarritoController->verCarritoController()
 5 SYSTEMPATH\CodeIgniter.php(499): CodeIgniter\CodeIgniter->runController(Object(App\Controllers\CarritoController))
 6 SYSTEMPATH\CodeIgniter.php(368): CodeIgniter\CodeIgniter->handleRequest(null, Object(Config\Cache), false)
 7 FCPATH\index.php(67): CodeIgniter\CodeIgniter->run()
INFO - 2023-06-21 13:26:16 --> Session: Class initialized using 'CodeIgniter\Session\Handlers\FileHandler' driver.
INFO - 2023-06-21 13:26:16 --> Cart Class Initialized
CRITICAL - 2023-06-21 13:26:16 --> syntax error, unexpected token "}", expecting "elseif" or "else" or "endif"
in APPPATH\Views\carrito.php on line 80.
 1 SYSTEMPATH\View\View.php(216): CodeIgniter\View\View->CodeIgniter\View\{closure}()
 2 SYSTEMPATH\Common.php(1184): CodeIgniter\View\View->render('carrito', [], true)
 3 APPPATH\Controllers\CarritoController.php(19): view('carrito')
 4 SYSTEMPATH\CodeIgniter.php(934): App\Controllers\CarritoController->verCarritoController()
 5 SYSTEMPATH\CodeIgniter.php(499): CodeIgniter\CodeIgniter->runController(Object(App\Controllers\CarritoController))
 6 SYSTEMPATH\CodeIgniter.php(368): CodeIgniter\CodeIgniter->handleRequest(null, Object(Config\Cache), false)
 7 FCPATH\index.php(67): CodeIgniter\CodeIgniter->run()
INFO - 2023-06-21 13:26:19 --> Session: Class initialized using 'CodeIgniter\Session\Handlers\FileHandler' driver.
INFO - 2023-06-21 13:26:19 --> Cart Class Initialized
CRITICAL - 2023-06-21 13:26:19 --> syntax error, unexpected token "}", expecting "elseif" or "else" or "endif"
in APPPATH\Views\carrito.php on line 80.
 1 SYSTEMPATH\View\View.php(216): CodeIgniter\View\View->CodeIgniter\View\{closure}()
 2 SYSTEMPATH\Common.php(1184): CodeIgniter\View\View->render('carrito', [], true)
 3 APPPATH\Controllers\CarritoController.php(19): view('carrito')
 4 SYSTEMPATH\CodeIgniter.php(934): App\Controllers\CarritoController->verCarritoController()
 5 SYSTEMPATH\CodeIgniter.php(499): CodeIgniter\CodeIgniter->runController(Object(App\Controllers\CarritoController))
 6 SYSTEMPATH\CodeIgniter.php(368): CodeIgniter\CodeIgniter->handleRequest(null, Object(Config\Cache), false)
 7 FCPATH\index.php(67): CodeIgniter\CodeIgniter->run()
INFO - 2023-06-21 13:26:19 --> Session: Class initialized using 'CodeIgniter\Session\Handlers\FileHandler' driver.
INFO - 2023-06-21 13:26:19 --> Cart Class Initialized
CRITICAL - 2023-06-21 13:26:19 --> syntax error, unexpected token "}", expecting "elseif" or "else" or "endif"
in APPPATH\Views\carrito.php on line 80.
 1 SYSTEMPATH\View\View.php(216): CodeIgniter\View\View->CodeIgniter\View\{closure}()
 2 SYSTEMPATH\Common.php(1184): CodeIgniter\View\View->render('carrito', [], true)
 3 APPPATH\Controllers\CarritoController.php(19): view('carrito')
 4 SYSTEMPATH\CodeIgniter.php(934): App\Controllers\CarritoController->verCarritoController()
 5 SYSTEMPATH\CodeIgniter.php(499): CodeIgniter\CodeIgniter->runController(Object(App\Controllers\CarritoController))
 6 SYSTEMPATH\CodeIgniter.php(368): CodeIgniter\CodeIgniter->handleRequest(null, Object(Config\Cache), false)
 7 FCPATH\index.php(67): CodeIgniter\CodeIgniter->run()
INFO - 2023-06-21 13:26:20 --> Session: Class initialized using 'CodeIgniter\Session\Handlers\FileHandler' driver.
INFO - 2023-06-21 13:26:20 --> Cart Class Initialized
CRITICAL - 2023-06-21 13:26:20 --> syntax error, unexpected token "}", expecting "elseif" or "else" or "endif"
in APPPATH\Views\carrito.php on line 80.
 1 SYSTEMPATH\View\View.php(216): CodeIgniter\View\View->CodeIgniter\View\{closure}()
 2 SYSTEMPATH\Common.php(1184): CodeIgniter\View\View->render('carrito', [], true)
 3 APPPATH\Controllers\CarritoController.php(19): view('carrito')
 4 SYSTEMPATH\CodeIgniter.php(934): App\Controllers\CarritoController->verCarritoController()
 5 SYSTEMPATH\CodeIgniter.php(499): CodeIgniter\CodeIgniter->runController(Object(App\Controllers\CarritoController))
 6 SYSTEMPATH\CodeIgniter.php(368): CodeIgniter\CodeIgniter->handleRequest(null, Object(Config\Cache), false)
 7 FCPATH\index.php(67): CodeIgniter\CodeIgniter->run()
INFO - 2023-06-21 13:26:20 --> Session: Class initialized using 'CodeIgniter\Session\Handlers\FileHandler' driver.
INFO - 2023-06-21 13:26:20 --> Cart Class Initialized
CRITICAL - 2023-06-21 13:26:20 --> syntax error, unexpected token "}", expecting "elseif" or "else" or "endif"
in APPPATH\Views\carrito.php on line 80.
 1 SYSTEMPATH\View\View.php(216): CodeIgniter\View\View->CodeIgniter\View\{closure}()
 2 SYSTEMPATH\Common.php(1184): CodeIgniter\View\View->render('carrito', [], true)
 3 APPPATH\Controllers\CarritoController.php(19): view('carrito')
 4 SYSTEMPATH\CodeIgniter.php(934): App\Controllers\CarritoController->verCarritoController()
 5 SYSTEMPATH\CodeIgniter.php(499): CodeIgniter\CodeIgniter->runController(Object(App\Controllers\CarritoController))
 6 SYSTEMPATH\CodeIgniter.php(368): CodeIgniter\CodeIgniter->handleRequest(null, Object(Config\Cache), false)
 7 FCPATH\index.php(67): CodeIgniter\CodeIgniter->run()
INFO - 2023-06-21 13:26:21 --> Session: Class initialized using 'CodeIgniter\Session\Handlers\FileHandler' driver.
INFO - 2023-06-21 13:26:21 --> Cart Class Initialized
CRITICAL - 2023-06-21 13:26:21 --> syntax error, unexpected token "}", expecting "elseif" or "else" or "endif"
in APPPATH\Views\carrito.php on line 80.
 1 SYSTEMPATH\View\View.php(216): CodeIgniter\View\View->CodeIgniter\View\{closure}()
 2 SYSTEMPATH\Common.php(1184): CodeIgniter\View\View->render('carrito', [], true)
 3 APPPATH\Controllers\CarritoController.php(19): view('carrito')
 4 SYSTEMPATH\CodeIgniter.php(934): App\Controllers\CarritoController->verCarritoController()
 5 SYSTEMPATH\CodeIgniter.php(499): CodeIgniter\CodeIgniter->runController(Object(App\Controllers\CarritoController))
 6 SYSTEMPATH\CodeIgniter.php(368): CodeIgniter\CodeIgniter->handleRequest(null, Object(Config\Cache), false)
 7 FCPATH\index.php(67): CodeIgniter\CodeIgniter->run()
INFO - 2023-06-21 13:29:35 --> Session: Class initialized using 'CodeIgniter\Session\Handlers\FileHandler' driver.
INFO - 2023-06-21 13:29:35 --> Cart Class Initialized
CRITICAL - 2023-06-21 13:29:35 --> syntax error, unexpected token "}", expecting "elseif" or "else" or "endif"
in APPPATH\Views\carrito.php on line 80.
 1 SYSTEMPATH\View\View.php(216): CodeIgniter\View\View->CodeIgniter\View\{closure}()
 2 SYSTEMPATH\Common.php(1184): CodeIgniter\View\View->render('carrito', [], true)
 3 APPPATH\Controllers\CarritoController.php(19): view('carrito')
 4 SYSTEMPATH\CodeIgniter.php(934): App\Controllers\CarritoController->verCarritoController()
 5 SYSTEMPATH\CodeIgniter.php(499): CodeIgniter\CodeIgniter->runController(Object(App\Controllers\CarritoController))
 6 SYSTEMPATH\CodeIgniter.php(368): CodeIgniter\CodeIgniter->handleRequest(null, Object(Config\Cache), false)
 7 FCPATH\index.php(67): CodeIgniter\CodeIgniter->run()
INFO - 2023-06-21 13:29:36 --> Session: Class initialized using 'CodeIgniter\Session\Handlers\FileHandler' driver.
INFO - 2023-06-21 13:29:36 --> Cart Class Initialized
CRITICAL - 2023-06-21 13:29:36 --> syntax error, unexpected token "}", expecting "elseif" or "else" or "endif"
in APPPATH\Views\carrito.php on line 80.
 1 SYSTEMPATH\View\View.php(216): CodeIgniter\View\View->CodeIgniter\View\{closure}()
 2 SYSTEMPATH\Common.php(1184): CodeIgniter\View\View->render('carrito', [], true)
 3 APPPATH\Controllers\CarritoController.php(19): view('carrito')
 4 SYSTEMPATH\CodeIgniter.php(934): App\Controllers\CarritoController->verCarritoController()
 5 SYSTEMPATH\CodeIgniter.php(499): CodeIgniter\CodeIgniter->runController(Object(App\Controllers\CarritoController))
 6 SYSTEMPATH\CodeIgniter.php(368): CodeIgniter\CodeIgniter->handleRequest(null, Object(Config\Cache), false)
 7 FCPATH\index.php(67): CodeIgniter\CodeIgniter->run()
INFO - 2023-06-21 13:30:44 --> Session: Class initialized using 'CodeIgniter\Session\Handlers\FileHandler' driver.
INFO - 2023-06-21 13:30:44 --> Cart Class Initialized
INFO - 2023-06-21 13:30:54 --> Session: Class initialized using 'CodeIgniter\Session\Handlers\FileHandler' driver.
INFO - 2023-06-21 13:30:56 --> Session: Class initialized using 'CodeIgniter\Session\Handlers\FileHandler' driver.
INFO - 2023-06-21 13:30:56 --> Cart Class Initialized
INFO - 2023-06-21 13:31:50 --> Session: Class initialized using 'CodeIgniter\Session\Handlers\FileHandler' driver.
INFO - 2023-06-21 13:31:50 --> Cart Class Initialized
INFO - 2023-06-21 13:33:11 --> Session: Class initialized using 'CodeIgniter\Session\Handlers\FileHandler' driver.
INFO - 2023-06-21 13:33:12 --> Session: Class initialized using 'CodeIgniter\Session\Handlers\FileHandler' driver.
INFO - 2023-06-21 13:33:14 --> Session: Class initialized using 'CodeIgniter\Session\Handlers\FileHandler' driver.
INFO - 2023-06-21 15:26:38 --> Session: Class initialized using 'CodeIgniter\Session\Handlers\FileHandler' driver.
INFO - 2023-06-21 15:26:42 --> Session: Class initialized using 'CodeIgniter\Session\Handlers\FileHandler' driver.
INFO - 2023-06-21 15:26:49 --> Session: Class initialized using 'CodeIgniter\Session\Handlers\FileHandler' driver.
INFO - 2023-06-21 15:26:49 --> Cart Class Initialized
INFO - 2023-06-21 15:27:10 --> Session: Class initialized using 'CodeIgniter\Session\Handlers\FileHandler' driver.
INFO - 2023-06-21 15:27:10 --> Cart Class Initialized
INFO - 2023-06-21 15:27:11 --> Session: Class initialized using 'CodeIgniter\Session\Handlers\FileHandler' driver.
INFO - 2023-06-21 15:27:11 --> Cart Class Initialized
INFO - 2023-06-21 15:27:19 --> Session: Class initialized using 'CodeIgniter\Session\Handlers\FileHandler' driver.
INFO - 2023-06-21 15:27:19 --> Cart Class Initialized
INFO - 2023-06-21 15:27:21 --> Session: Class initialized using 'CodeIgniter\Session\Handlers\FileHandler' driver.
INFO - 2023-06-21 15:27:21 --> Session: Class initialized using 'CodeIgniter\Session\Handlers\FileHandler' driver.
INFO - 2023-06-21 15:27:22 --> Session: Class initialized using 'CodeIgniter\Session\Handlers\FileHandler' driver.
INFO - 2023-06-21 15:27:26 --> Session: Class initialized using 'CodeIgniter\Session\Handlers\FileHandler' driver.
INFO - 2023-06-21 15:27:26 --> Session: Class initialized using 'CodeIgniter\Session\Handlers\FileHandler' driver.
INFO - 2023-06-21 15:27:32 --> Session: Class initialized using 'CodeIgniter\Session\Handlers\FileHandler' driver.
INFO - 2023-06-21 15:27:35 --> Session: Class initialized using 'CodeIgniter\Session\Handlers\FileHandler' driver.
INFO - 2023-06-21 15:27:35 --> Cart Class Initialized
INFO - 2023-06-21 15:27:35 --> Session: Class initialized using 'CodeIgniter\Session\Handlers\FileHandler' driver.
INFO - 2023-06-21 15:27:35 --> Cart Class Initialized
CRITICAL - 2023-06-21 15:27:35 --> Undefined variable $cart1
in APPPATH\Views\carrito.php on line 38.
 1 APPPATH\Views\carrito.php(38): CodeIgniter\Debug\Exceptions->errorHandler(2, 'Undefined variable $cart1', 'C:\\xampp\\htdocs\\Proyecto_CLuciana\\app\\Views\\carrito.php', 38)
 2 SYSTEMPATH\View\View.php(213): include('C:\\xampp\\htdocs\\Proyecto_CLuciana\\app\\Views\\carrito.php')
 3 SYSTEMPATH\View\View.php(216): CodeIgniter\View\View->CodeIgniter\View\{closure}()
 4 SYSTEMPATH\Common.php(1184): CodeIgniter\View\View->render('carrito', [], true)
 5 APPPATH\Controllers\CarritoController.php(19): view('carrito')
 6 SYSTEMPATH\CodeIgniter.php(934): App\Controllers\CarritoController->verCarritoController()
 7 SYSTEMPATH\CodeIgniter.php(499): CodeIgniter\CodeIgniter->runController(Object(App\Controllers\CarritoController))
 8 SYSTEMPATH\CodeIgniter.php(368): CodeIgniter\CodeIgniter->handleRequest(null, Object(Config\Cache), false)
 9 FCPATH\index.php(67): CodeIgniter\CodeIgniter->run()
INFO - 2023-06-21 15:28:07 --> Session: Class initialized using 'CodeIgniter\Session\Handlers\FileHandler' driver.
INFO - 2023-06-21 15:28:07 --> Cart Class Initialized
CRITICAL - 2023-06-21 15:28:07 --> Cannot access offset of type string on string
in APPPATH\Views\carrito.php on line 40.
 1 SYSTEMPATH\View\View.php(213): include()
 2 SYSTEMPATH\View\View.php(216): CodeIgniter\View\View->CodeIgniter\View\{closure}()
 3 SYSTEMPATH\Common.php(1184): CodeIgniter\View\View->render('carrito', [], true)
 4 APPPATH\Controllers\CarritoController.php(19): view('carrito')
 5 SYSTEMPATH\CodeIgniter.php(934): App\Controllers\CarritoController->verCarritoController()
 6 SYSTEMPATH\CodeIgniter.php(499): CodeIgniter\CodeIgniter->runController(Object(App\Controllers\CarritoController))
 7 SYSTEMPATH\CodeIgniter.php(368): CodeIgniter\CodeIgniter->handleRequest(null, Object(Config\Cache), false)
 8 FCPATH\index.php(67): CodeIgniter\CodeIgniter->run()
INFO - 2023-06-21 15:28:09 --> Session: Class initialized using 'CodeIgniter\Session\Handlers\FileHandler' driver.
INFO - 2023-06-21 15:28:09 --> Cart Class Initialized
CRITICAL - 2023-06-21 15:28:09 --> Cannot access offset of type string on string
in APPPATH\Views\carrito.php on line 40.
 1 SYSTEMPATH\View\View.php(213): include()
 2 SYSTEMPATH\View\View.php(216): CodeIgniter\View\View->CodeIgniter\View\{closure}()
 3 SYSTEMPATH\Common.php(1184): CodeIgniter\View\View->render('carrito', [], true)
 4 APPPATH\Controllers\CarritoController.php(19): view('carrito')
 5 SYSTEMPATH\CodeIgniter.php(934): App\Controllers\CarritoController->verCarritoController()
 6 SYSTEMPATH\CodeIgniter.php(499): CodeIgniter\CodeIgniter->runController(Object(App\Controllers\CarritoController))
 7 SYSTEMPATH\CodeIgniter.php(368): CodeIgniter\CodeIgniter->handleRequest(null, Object(Config\Cache), false)
 8 FCPATH\index.php(67): CodeIgniter\CodeIgniter->run()
INFO - 2023-06-21 15:28:11 --> Session: Class initialized using 'CodeIgniter\Session\Handlers\FileHandler' driver.
INFO - 2023-06-21 15:28:11 --> Cart Class Initialized
CRITICAL - 2023-06-21 15:28:11 --> Cannot access offset of type string on string
in APPPATH\Views\carrito.php on line 40.
 1 SYSTEMPATH\View\View.php(213): include()
 2 SYSTEMPATH\View\View.php(216): CodeIgniter\View\View->CodeIgniter\View\{closure}()
 3 SYSTEMPATH\Common.php(1184): CodeIgniter\View\View->render('carrito', [], true)
 4 APPPATH\Controllers\CarritoController.php(19): view('carrito')
 5 SYSTEMPATH\CodeIgniter.php(934): App\Controllers\CarritoController->verCarritoController()
 6 SYSTEMPATH\CodeIgniter.php(499): CodeIgniter\CodeIgniter->runController(Object(App\Controllers\CarritoController))
 7 SYSTEMPATH\CodeIgniter.php(368): CodeIgniter\CodeIgniter->handleRequest(null, Object(Config\Cache), false)
 8 FCPATH\index.php(67): CodeIgniter\CodeIgniter->run()
INFO - 2023-06-21 15:30:11 --> Session: Class initialized using 'CodeIgniter\Session\Handlers\FileHandler' driver.
INFO - 2023-06-21 15:30:11 --> Cart Class Initialized
CRITICAL - 2023-06-21 15:30:11 --> Cannot access offset of type string on string
in APPPATH\Views\carrito.php on line 40.
 1 SYSTEMPATH\View\View.php(213): include()
 2 SYSTEMPATH\View\View.php(216): CodeIgniter\View\View->CodeIgniter\View\{closure}()
 3 SYSTEMPATH\Common.php(1184): CodeIgniter\View\View->render('carrito', [], true)
 4 APPPATH\Controllers\CarritoController.php(19): view('carrito')
 5 SYSTEMPATH\CodeIgniter.php(934): App\Controllers\CarritoController->verCarritoController()
 6 SYSTEMPATH\CodeIgniter.php(499): CodeIgniter\CodeIgniter->runController(Object(App\Controllers\CarritoController))
 7 SYSTEMPATH\CodeIgniter.php(368): CodeIgniter\CodeIgniter->handleRequest(null, Object(Config\Cache), false)
 8 FCPATH\index.php(67): CodeIgniter\CodeIgniter->run()
INFO - 2023-06-21 15:32:17 --> Session: Class initialized using 'CodeIgniter\Session\Handlers\FileHandler' driver.
INFO - 2023-06-21 15:32:17 --> Cart Class Initialized
INFO - 2023-06-21 15:32:20 --> Session: Class initialized using 'CodeIgniter\Session\Handlers\FileHandler' driver.
INFO - 2023-06-21 15:32:36 --> Session: Class initialized using 'CodeIgniter\Session\Handlers\FileHandler' driver.
INFO - 2023-06-21 15:32:41 --> Session: Class initialized using 'CodeIgniter\Session\Handlers\FileHandler' driver.
INFO - 2023-06-21 15:32:41 --> Cart Class Initialized
INFO - 2023-06-21 15:32:41 --> Session: Class initialized using 'CodeIgniter\Session\Handlers\FileHandler' driver.
INFO - 2023-06-21 15:32:41 --> Cart Class Initialized
INFO - 2023-06-21 15:32:43 --> Session: Class initialized using 'CodeIgniter\Session\Handlers\FileHandler' driver.
INFO - 2023-06-21 15:32:43 --> Cart Class Initialized
INFO - 2023-06-21 15:32:43 --> Session: Class initialized using 'CodeIgniter\Session\Handlers\FileHandler' driver.
INFO - 2023-06-21 15:32:43 --> Cart Class Initialized
INFO - 2023-06-21 15:32:45 --> Session: Class initialized using 'CodeIgniter\Session\Handlers\FileHandler' driver.
INFO - 2023-06-21 15:32:45 --> Cart Class Initialized
INFO - 2023-06-21 15:32:45 --> Session: Class initialized using 'CodeIgniter\Session\Handlers\FileHandler' driver.
INFO - 2023-06-21 15:32:45 --> Cart Class Initialized
INFO - 2023-06-21 15:32:51 --> Session: Class initialized using 'CodeIgniter\Session\Handlers\FileHandler' driver.
INFO - 2023-06-21 15:32:53 --> Session: Class initialized using 'CodeIgniter\Session\Handlers\FileHandler' driver.
INFO - 2023-06-21 15:32:53 --> Cart Class Initialized
INFO - 2023-06-21 15:32:53 --> Session: Class initialized using 'CodeIgniter\Session\Handlers\FileHandler' driver.
INFO - 2023-06-21 15:32:53 --> Cart Class Initialized
INFO - 2023-06-21 15:32:56 --> Session: Class initialized using 'CodeIgniter\Session\Handlers\FileHandler' driver.
INFO - 2023-06-21 15:32:56 --> Cart Class Initialized
INFO - 2023-06-21 15:32:56 --> Session: Class initialized using 'CodeIgniter\Session\Handlers\FileHandler' driver.
INFO - 2023-06-21 15:32:58 --> Session: Class initialized using 'CodeIgniter\Session\Handlers\FileHandler' driver.
INFO - 2023-06-21 15:32:58 --> Cart Class Initialized
INFO - 2023-06-21 15:33:25 --> Session: Class initialized using 'CodeIgniter\Session\Handlers\FileHandler' driver.
INFO - 2023-06-21 15:33:25 --> Cart Class Initialized
INFO - 2023-06-21 15:33:26 --> Session: Class initialized using 'CodeIgniter\Session\Handlers\FileHandler' driver.
INFO - 2023-06-21 15:33:26 --> Cart Class Initialized
INFO - 2023-06-21 21:13:10 --> Session: Class initialized using 'CodeIgniter\Session\Handlers\FileHandler' driver.
INFO - 2023-06-21 21:21:22 --> Session: Class initialized using 'CodeIgniter\Session\Handlers\FileHandler' driver.
INFO - 2023-06-21 21:21:23 --> Session: Class initialized using 'CodeIgniter\Session\Handlers\FileHandler' driver.
INFO - 2023-06-21 21:21:28 --> Session: Class initialized using 'CodeIgniter\Session\Handlers\FileHandler' driver.
INFO - 2023-06-21 21:21:39 --> Session: Class initialized using 'CodeIgniter\Session\Handlers\FileHandler' driver.
INFO - 2023-06-21 21:21:39 --> Cart Class Initialized
INFO - 2023-06-21 21:21:43 --> Session: Class initialized using 'CodeIgniter\Session\Handlers\FileHandler' driver.
INFO - 2023-06-21 21:40:00 --> Session: Class initialized using 'CodeIgniter\Session\Handlers\FileHandler' driver.
INFO - 2023-06-21 23:21:15 --> Session: Class initialized using 'CodeIgniter\Session\Handlers\FileHandler' driver.
INFO - 2023-06-21 23:21:15 --> Cart Class Initialized
INFO - 2023-06-21 23:21:53 --> Session: Class initialized using 'CodeIgniter\Session\Handlers\FileHandler' driver.
INFO - 2023-06-21 23:21:53 --> Cart Class Initialized
INFO - 2023-06-21 23:25:28 --> Session: Class initialized using 'CodeIgniter\Session\Handlers\FileHandler' driver.
INFO - 2023-06-21 23:25:28 --> Cart Class Initialized
INFO - 2023-06-21 23:25:31 --> Session: Class initialized using 'CodeIgniter\Session\Handlers\FileHandler' driver.
INFO - 2023-06-21 23:25:31 --> Cart Class Initialized
INFO - 2023-06-21 23:26:16 --> Session: Class initialized using 'CodeIgniter\Session\Handlers\FileHandler' driver.
INFO - 2023-06-21 23:26:16 --> Cart Class Initialized
INFO - 2023-06-21 23:28:33 --> Session: Class initialized using 'CodeIgniter\Session\Handlers\FileHandler' driver.
INFO - 2023-06-21 23:28:33 --> Cart Class Initialized
INFO - 2023-06-21 23:28:35 --> Session: Class initialized using 'CodeIgniter\Session\Handlers\FileHandler' driver.
INFO - 2023-06-21 23:28:35 --> Cart Class Initialized
INFO - 2023-06-21 23:28:36 --> Session: Class initialized using 'CodeIgniter\Session\Handlers\FileHandler' driver.
INFO - 2023-06-21 23:28:36 --> Cart Class Initialized
INFO - 2023-06-21 23:30:08 --> Session: Class initialized using 'CodeIgniter\Session\Handlers\FileHandler' driver.
INFO - 2023-06-21 23:30:08 --> Cart Class Initialized
INFO - 2023-06-21 23:30:09 --> Session: Class initialized using 'CodeIgniter\Session\Handlers\FileHandler' driver.
INFO - 2023-06-21 23:30:09 --> Cart Class Initialized
INFO - 2023-06-21 23:30:10 --> Session: Class initialized using 'CodeIgniter\Session\Handlers\FileHandler' driver.
INFO - 2023-06-21 23:30:10 --> Cart Class Initialized
INFO - 2023-06-21 23:30:10 --> Session: Class initialized using 'CodeIgniter\Session\Handlers\FileHandler' driver.
INFO - 2023-06-21 23:30:10 --> Cart Class Initialized
INFO - 2023-06-21 23:30:12 --> Session: Class initialized using 'CodeIgniter\Session\Handlers\FileHandler' driver.
INFO - 2023-06-21 23:30:12 --> Cart Class Initialized
INFO - 2023-06-21 23:30:14 --> Session: Class initialized using 'CodeIgniter\Session\Handlers\FileHandler' driver.
INFO - 2023-06-21 23:30:14 --> Cart Class Initialized
INFO - 2023-06-21 23:36:11 --> Session: Class initialized using 'CodeIgniter\Session\Handlers\FileHandler' driver.
INFO - 2023-06-21 23:36:11 --> Session: Class initialized using 'CodeIgniter\Session\Handlers\FileHandler' driver.
INFO - 2023-06-21 23:36:12 --> Session: Class initialized using 'CodeIgniter\Session\Handlers\FileHandler' driver.
INFO - 2023-06-21 23:36:16 --> Session: Class initialized using 'CodeIgniter\Session\Handlers\FileHandler' driver.
INFO - 2023-06-21 23:36:16 --> Session: Class initialized using 'CodeIgniter\Session\Handlers\FileHandler' driver.
INFO - 2023-06-21 23:36:17 --> Session: Class initialized using 'CodeIgniter\Session\Handlers\FileHandler' driver.
INFO - 2023-06-21 23:36:17 --> Cart Class Initialized
INFO - 2023-06-21 23:36:22 --> Session: Class initialized using 'CodeIgniter\Session\Handlers\FileHandler' driver.
INFO - 2023-06-21 23:36:23 --> Session: Class initialized using 'CodeIgniter\Session\Handlers\FileHandler' driver.
INFO - 2023-06-21 23:36:23 --> Cart Class Initialized
INFO - 2023-06-21 23:36:23 --> Session: Class initialized using 'CodeIgniter\Session\Handlers\FileHandler' driver.
INFO - 2023-06-21 23:36:23 --> Cart Class Initialized
INFO - 2023-06-21 23:36:24 --> Session: Class initialized using 'CodeIgniter\Session\Handlers\FileHandler' driver.
INFO - 2023-06-21 23:36:24 --> Cart Class Initialized
INFO - 2023-06-21 23:36:25 --> Session: Class initialized using 'CodeIgniter\Session\Handlers\FileHandler' driver.
INFO - 2023-06-21 23:36:25 --> Session: Class initialized using 'CodeIgniter\Session\Handlers\FileHandler' driver.
INFO - 2023-06-21 23:36:26 --> Session: Class initialized using 'CodeIgniter\Session\Handlers\FileHandler' driver.
INFO - 2023-06-21 23:36:26 --> Cart Class Initialized
INFO - 2023-06-21 23:36:26 --> Session: Class initialized using 'CodeIgniter\Session\Handlers\FileHandler' driver.
INFO - 2023-06-21 23:36:26 --> Cart Class Initialized
INFO - 2023-06-21 23:36:27 --> Session: Class initialized using 'CodeIgniter\Session\Handlers\FileHandler' driver.
INFO - 2023-06-21 23:36:27 --> Cart Class Initialized
INFO - 2023-06-21 23:36:28 --> Session: Class initialized using 'CodeIgniter\Session\Handlers\FileHandler' driver.
INFO - 2023-06-21 23:36:29 --> Session: Class initialized using 'CodeIgniter\Session\Handlers\FileHandler' driver.
INFO - 2023-06-21 23:36:29 --> Cart Class Initialized
INFO - 2023-06-21 23:36:29 --> Session: Class initialized using 'CodeIgniter\Session\Handlers\FileHandler' driver.
INFO - 2023-06-21 23:36:29 --> Cart Class Initialized
INFO - 2023-06-21 23:36:31 --> Session: Class initialized using 'CodeIgniter\Session\Handlers\FileHandler' driver.
INFO - 2023-06-21 23:36:32 --> Session: Class initialized using 'CodeIgniter\Session\Handlers\FileHandler' driver.
INFO - 2023-06-21 23:36:32 --> Cart Class Initialized
INFO - 2023-06-21 23:36:32 --> Session: Class initialized using 'CodeIgniter\Session\Handlers\FileHandler' driver.
INFO - 2023-06-21 23:36:32 --> Cart Class Initialized
INFO - 2023-06-21 23:36:33 --> Session: Class initialized using 'CodeIgniter\Session\Handlers\FileHandler' driver.
INFO - 2023-06-21 23:36:33 --> Cart Class Initialized
INFO - 2023-06-21 23:36:34 --> Session: Class initialized using 'CodeIgniter\Session\Handlers\FileHandler' driver.
INFO - 2023-06-21 23:36:35 --> Session: Class initialized using 'CodeIgniter\Session\Handlers\FileHandler' driver.
INFO - 2023-06-21 23:36:35 --> Session: Class initialized using 'CodeIgniter\Session\Handlers\FileHandler' driver.
