CRITICAL - 2023-05-02 00:28:32 --> Invalid file: "navar.php"
in SYSTEMPATH\Exceptions\FrameworkException.php on line 33.
 1 SYSTEMPATH\View\View.php(201): CodeIgniter\Exceptions\FrameworkException::forInvalidFile('navar.php')
 2 SYSTEMPATH\Common.php(1184): CodeIgniter\View\View->render('navar', [], true)
 3 APPPATH\Controllers\Home.php(19): view('navar', [...])
 4 SYSTEMPATH\CodeIgniter.php(934): App\Controllers\Home->metodosPYEMetodo()
 5 SYSTEMPATH\CodeIgniter.php(499): CodeIgniter\CodeIgniter->runController(Object(App\Controllers\Home))
 6 SYSTEMPATH\CodeIgniter.php(368): CodeIgniter\CodeIgniter->handleRequest(null, Object(Config\Cache), false)
 7 FCPATH\index.php(67): CodeIgniter\CodeIgniter->run()
CRITICAL - 2023-05-02 00:30:31 --> Invalid file: "navar.php"
in SYSTEMPATH\Exceptions\FrameworkException.php on line 33.
 1 SYSTEMPATH\View\View.php(201): CodeIgniter\Exceptions\FrameworkException::forInvalidFile('navar.php')
 2 SYSTEMPATH\Common.php(1184): CodeIgniter\View\View->render('navar', [], true)
 3 APPPATH\Controllers\Home.php(19): view('navar', [...])
 4 SYSTEMPATH\CodeIgniter.php(934): App\Controllers\Home->metodosPYEMetodo()
 5 SYSTEMPATH\CodeIgniter.php(499): CodeIgniter\CodeIgniter->runController(Object(App\Controllers\Home))
 6 SYSTEMPATH\CodeIgniter.php(368): CodeIgniter\CodeIgniter->handleRequest(null, Object(Config\Cache), false)
 7 FCPATH\index.php(67): CodeIgniter\CodeIgniter->run()
CRITICAL - 2023-05-02 00:30:40 --> Invalid file: "navar.php"
in SYSTEMPATH\Exceptions\FrameworkException.php on line 33.
 1 SYSTEMPATH\View\View.php(201): CodeIgniter\Exceptions\FrameworkException::forInvalidFile('navar.php')
 2 SYSTEMPATH\Common.php(1184): CodeIgniter\View\View->render('navar', [], true)
 3 APPPATH\Controllers\Home.php(28): view('navar', [...])
 4 SYSTEMPATH\CodeIgniter.php(934): App\Controllers\Home->metodosPYEMetodo()
 5 SYSTEMPATH\CodeIgniter.php(499): CodeIgniter\CodeIgniter->runController(Object(App\Controllers\Home))
 6 SYSTEMPATH\CodeIgniter.php(368): CodeIgniter\CodeIgniter->handleRequest(null, Object(Config\Cache), false)
 7 FCPATH\index.php(67): CodeIgniter\CodeIgniter->run()
CRITICAL - 2023-05-02 00:30:41 --> Invalid file: "navar.php"
in SYSTEMPATH\Exceptions\FrameworkException.php on line 33.
 1 SYSTEMPATH\View\View.php(201): CodeIgniter\Exceptions\FrameworkException::forInvalidFile('navar.php')
 2 SYSTEMPATH\Common.php(1184): CodeIgniter\View\View->render('navar', [], true)
 3 APPPATH\Controllers\Home.php(28): view('navar', [...])
 4 SYSTEMPATH\CodeIgniter.php(934): App\Controllers\Home->metodosPYEMetodo()
 5 SYSTEMPATH\CodeIgniter.php(499): CodeIgniter\CodeIgniter->runController(Object(App\Controllers\Home))
 6 SYSTEMPATH\CodeIgniter.php(368): CodeIgniter\CodeIgniter->handleRequest(null, Object(Config\Cache), false)
 7 FCPATH\index.php(67): CodeIgniter\CodeIgniter->run()
CRITICAL - 2023-05-02 00:30:44 --> Invalid file: "navar.php"
in SYSTEMPATH\Exceptions\FrameworkException.php on line 33.
 1 SYSTEMPATH\View\View.php(201): CodeIgniter\Exceptions\FrameworkException::forInvalidFile('navar.php')
 2 SYSTEMPATH\Common.php(1184): CodeIgniter\View\View->render('navar', [], true)
 3 APPPATH\Controllers\Home.php(28): view('navar', [...])
 4 SYSTEMPATH\CodeIgniter.php(934): App\Controllers\Home->metodosPYEMetodo()
 5 SYSTEMPATH\CodeIgniter.php(499): CodeIgniter\CodeIgniter->runController(Object(App\Controllers\Home))
 6 SYSTEMPATH\CodeIgniter.php(368): CodeIgniter\CodeIgniter->handleRequest(null, Object(Config\Cache), false)
 7 FCPATH\index.php(67): CodeIgniter\CodeIgniter->run()
CRITICAL - 2023-05-02 00:31:18 --> Invalid file: "navar.php"
in SYSTEMPATH\Exceptions\FrameworkException.php on line 33.
 1 SYSTEMPATH\View\View.php(201): CodeIgniter\Exceptions\FrameworkException::forInvalidFile('navar.php')
 2 SYSTEMPATH\Common.php(1184): CodeIgniter\View\View->render('navar', [], true)
 3 APPPATH\Controllers\Home.php(36): view('navar', [...])
 4 SYSTEMPATH\CodeIgniter.php(934): App\Controllers\Home->quieneSomosMetodo()
 5 SYSTEMPATH\CodeIgniter.php(499): CodeIgniter\CodeIgniter->runController(Object(App\Controllers\Home))
 6 SYSTEMPATH\CodeIgniter.php(368): CodeIgniter\CodeIgniter->handleRequest(null, Object(Config\Cache), false)
 7 FCPATH\index.php(67): CodeIgniter\CodeIgniter->run()
CRITICAL - 2023-05-02 00:31:21 --> Invalid file: "navar.php"
in SYSTEMPATH\Exceptions\FrameworkException.php on line 33.
 1 SYSTEMPATH\View\View.php(201): CodeIgniter\Exceptions\FrameworkException::forInvalidFile('navar.php')
 2 SYSTEMPATH\Common.php(1184): CodeIgniter\View\View->render('navar', [], true)
 3 APPPATH\Controllers\Home.php(28): view('navar', [...])
 4 SYSTEMPATH\CodeIgniter.php(934): App\Controllers\Home->metodosPYEMetodo()
 5 SYSTEMPATH\CodeIgniter.php(499): CodeIgniter\CodeIgniter->runController(Object(App\Controllers\Home))
 6 SYSTEMPATH\CodeIgniter.php(368): CodeIgniter\CodeIgniter->handleRequest(null, Object(Config\Cache), false)
 7 FCPATH\index.php(67): CodeIgniter\CodeIgniter->run()
CRITICAL - 2023-05-02 00:31:24 --> Invalid file: "navar.php"
in SYSTEMPATH\Exceptions\FrameworkException.php on line 33.
 1 SYSTEMPATH\View\View.php(201): CodeIgniter\Exceptions\FrameworkException::forInvalidFile('navar.php')
 2 SYSTEMPATH\Common.php(1184): CodeIgniter\View\View->render('navar', [], true)
 3 APPPATH\Controllers\Home.php(52): view('navar', [...])
 4 SYSTEMPATH\CodeIgniter.php(934): App\Controllers\Home->contactanosMetodo()
 5 SYSTEMPATH\CodeIgniter.php(499): CodeIgniter\CodeIgniter->runController(Object(App\Controllers\Home))
 6 SYSTEMPATH\CodeIgniter.php(368): CodeIgniter\CodeIgniter->handleRequest(null, Object(Config\Cache), false)
 7 FCPATH\index.php(67): CodeIgniter\CodeIgniter->run()
CRITICAL - 2023-05-02 00:37:57 --> syntax error, unexpected identifier "style", expecting "," or ";"
in APPPATH\Views\navbar.php on line 16.
 1 SYSTEMPATH\View\View.php(213): include()
 2 SYSTEMPATH\View\View.php(216): CodeIgniter\View\View->CodeIgniter\View\{closure}()
 3 SYSTEMPATH\Common.php(1184): CodeIgniter\View\View->render('principal', [], true)
 4 APPPATH\Controllers\Home.php(14): view('principal')
 5 SYSTEMPATH\CodeIgniter.php(934): App\Controllers\Home->principal()
 6 SYSTEMPATH\CodeIgniter.php(499): CodeIgniter\CodeIgniter->runController(Object(App\Controllers\Home))
 7 SYSTEMPATH\CodeIgniter.php(368): CodeIgniter\CodeIgniter->handleRequest(null, Object(Config\Cache), false)
 8 FCPATH\index.php(67): CodeIgniter\CodeIgniter->run()
CRITICAL - 2023-05-02 00:38:11 --> Invalid file: "navar.php"
in SYSTEMPATH\Exceptions\FrameworkException.php on line 33.
 1 SYSTEMPATH\View\View.php(201): CodeIgniter\Exceptions\FrameworkException::forInvalidFile('navar.php')
 2 SYSTEMPATH\Common.php(1184): CodeIgniter\View\View->render('navar', [], true)
 3 APPPATH\Controllers\Home.php(36): view('navar', [...])
 4 SYSTEMPATH\CodeIgniter.php(934): App\Controllers\Home->quieneSomosMetodo()
 5 SYSTEMPATH\CodeIgniter.php(499): CodeIgniter\CodeIgniter->runController(Object(App\Controllers\Home))
 6 SYSTEMPATH\CodeIgniter.php(368): CodeIgniter\CodeIgniter->handleRequest(null, Object(Config\Cache), false)
 7 FCPATH\index.php(67): CodeIgniter\CodeIgniter->run()
CRITICAL - 2023-05-02 00:41:34 --> Undefined variable $data
in APPPATH\Controllers\Home.php on line 26.
 1 APPPATH\Controllers\Home.php(26): CodeIgniter\Debug\Exceptions->errorHandler(2, 'Undefined variable $data', 'C:\\xampp\\htdocs\\Proyecto_CLuciana\\app\\Controllers\\Home.php', 26)
 2 SYSTEMPATH\CodeIgniter.php(934): App\Controllers\Home->metodosPYEMetodo()
 3 SYSTEMPATH\CodeIgniter.php(499): CodeIgniter\CodeIgniter->runController(Object(App\Controllers\Home))
 4 SYSTEMPATH\CodeIgniter.php(368): CodeIgniter\CodeIgniter->handleRequest(null, Object(Config\Cache), false)
 5 FCPATH\index.php(67): CodeIgniter\CodeIgniter->run()
CRITICAL - 2023-05-02 00:45:19 --> Assignments can only happen to writable values
in APPPATH\Controllers\Home.php on line 26.
 1 [internal function]: CodeIgniter\Debug\Exceptions->shutdownHandler()
CRITICAL - 2023-05-02 00:54:14 --> Assignments can only happen to writable values
in APPPATH\Controllers\Home.php on line 26.
 1 [internal function]: CodeIgniter\Debug\Exceptions->shutdownHandler()
CRITICAL - 2023-05-02 00:54:15 --> Assignments can only happen to writable values
in APPPATH\Controllers\Home.php on line 26.
 1 [internal function]: CodeIgniter\Debug\Exceptions->shutdownHandler()
CRITICAL - 2023-05-02 00:54:17 --> Assignments can only happen to writable values
in APPPATH\Controllers\Home.php on line 26.
 1 [internal function]: CodeIgniter\Debug\Exceptions->shutdownHandler()
CRITICAL - 2023-05-02 03:46:21 --> Invalid file: "principal.php"
in SYSTEMPATH\Exceptions\FrameworkException.php on line 33.
 1 SYSTEMPATH\View\View.php(201): CodeIgniter\Exceptions\FrameworkException::forInvalidFile('principal.php')
 2 SYSTEMPATH\Common.php(1184): CodeIgniter\View\View->render('principal', [], true)
 3 APPPATH\Controllers\Home.php(14): view('principal')
 4 SYSTEMPATH\CodeIgniter.php(934): App\Controllers\Home->principal()
 5 SYSTEMPATH\CodeIgniter.php(499): CodeIgniter\CodeIgniter->runController(Object(App\Controllers\Home))
 6 SYSTEMPATH\CodeIgniter.php(368): CodeIgniter\CodeIgniter->handleRequest(null, Object(Config\Cache), false)
 7 FCPATH\index.php(67): CodeIgniter\CodeIgniter->run()
CRITICAL - 2023-05-02 03:46:25 --> Invalid file: "principal.php"
in SYSTEMPATH\Exceptions\FrameworkException.php on line 33.
 1 SYSTEMPATH\View\View.php(201): CodeIgniter\Exceptions\FrameworkException::forInvalidFile('principal.php')
 2 SYSTEMPATH\Common.php(1184): CodeIgniter\View\View->render('principal', [], true)
 3 APPPATH\Controllers\Home.php(14): view('principal')
 4 SYSTEMPATH\CodeIgniter.php(934): App\Controllers\Home->principal()
 5 SYSTEMPATH\CodeIgniter.php(499): CodeIgniter\CodeIgniter->runController(Object(App\Controllers\Home))
 6 SYSTEMPATH\CodeIgniter.php(368): CodeIgniter\CodeIgniter->handleRequest(null, Object(Config\Cache), false)
 7 FCPATH\index.php(67): CodeIgniter\CodeIgniter->run()
CRITICAL - 2023-05-02 03:48:26 --> Invalid file: "principal.php"
in SYSTEMPATH\Exceptions\FrameworkException.php on line 33.
 1 SYSTEMPATH\View\View.php(201): CodeIgniter\Exceptions\FrameworkException::forInvalidFile('principal.php')
 2 SYSTEMPATH\Common.php(1184): CodeIgniter\View\View->render('principal', [], true)
 3 APPPATH\Controllers\Home.php(14): view('principal')
 4 SYSTEMPATH\CodeIgniter.php(934): App\Controllers\Home->principal()
 5 SYSTEMPATH\CodeIgniter.php(499): CodeIgniter\CodeIgniter->runController(Object(App\Controllers\Home))
 6 SYSTEMPATH\CodeIgniter.php(368): CodeIgniter\CodeIgniter->handleRequest(null, Object(Config\Cache), false)
 7 FCPATH\index.php(67): CodeIgniter\CodeIgniter->run()
CRITICAL - 2023-05-02 03:55:56 --> Invalid file: "principal.php"
in SYSTEMPATH\Exceptions\FrameworkException.php on line 33.
 1 SYSTEMPATH\View\View.php(201): CodeIgniter\Exceptions\FrameworkException::forInvalidFile('principal.php')
 2 SYSTEMPATH\Common.php(1184): CodeIgniter\View\View->render('principal', [], true)
 3 APPPATH\Controllers\Home.php(14): view('principal')
 4 SYSTEMPATH\CodeIgniter.php(934): App\Controllers\Home->principal()
 5 SYSTEMPATH\CodeIgniter.php(499): CodeIgniter\CodeIgniter->runController(Object(App\Controllers\Home))
 6 SYSTEMPATH\CodeIgniter.php(368): CodeIgniter\CodeIgniter->handleRequest(null, Object(Config\Cache), false)
 7 FCPATH\index.php(67): CodeIgniter\CodeIgniter->run()
CRITICAL - 2023-05-02 03:56:28 --> Invalid file: "principal.php"
in SYSTEMPATH\Exceptions\FrameworkException.php on line 33.
 1 SYSTEMPATH\View\View.php(201): CodeIgniter\Exceptions\FrameworkException::forInvalidFile('principal.php')
 2 SYSTEMPATH\Common.php(1184): CodeIgniter\View\View->render('principal', [], true)
 3 APPPATH\Controllers\Home.php(14): view('principal')
 4 SYSTEMPATH\CodeIgniter.php(934): App\Controllers\Home->principal()
 5 SYSTEMPATH\CodeIgniter.php(499): CodeIgniter\CodeIgniter->runController(Object(App\Controllers\Home))
 6 SYSTEMPATH\CodeIgniter.php(368): CodeIgniter\CodeIgniter->handleRequest(null, Object(Config\Cache), false)
 7 FCPATH\index.php(67): CodeIgniter\CodeIgniter->run()
CRITICAL - 2023-05-02 03:56:53 --> Invalid file: "principal.php"
in SYSTEMPATH\Exceptions\FrameworkException.php on line 33.
 1 SYSTEMPATH\View\View.php(201): CodeIgniter\Exceptions\FrameworkException::forInvalidFile('principal.php')
 2 SYSTEMPATH\Common.php(1184): CodeIgniter\View\View->render('principal', [], true)
 3 APPPATH\Controllers\Home.php(14): view('principal')
 4 SYSTEMPATH\CodeIgniter.php(934): App\Controllers\Home->principal()
 5 SYSTEMPATH\CodeIgniter.php(499): CodeIgniter\CodeIgniter->runController(Object(App\Controllers\Home))
 6 SYSTEMPATH\CodeIgniter.php(368): CodeIgniter\CodeIgniter->handleRequest(null, Object(Config\Cache), false)
 7 FCPATH\index.php(67): CodeIgniter\CodeIgniter->run()
CRITICAL - 2023-05-02 03:56:54 --> Invalid file: "principal.php"
in SYSTEMPATH\Exceptions\FrameworkException.php on line 33.
 1 SYSTEMPATH\View\View.php(201): CodeIgniter\Exceptions\FrameworkException::forInvalidFile('principal.php')
 2 SYSTEMPATH\Common.php(1184): CodeIgniter\View\View->render('principal', [], true)
 3 APPPATH\Controllers\Home.php(14): view('principal')
 4 SYSTEMPATH\CodeIgniter.php(934): App\Controllers\Home->principal()
 5 SYSTEMPATH\CodeIgniter.php(499): CodeIgniter\CodeIgniter->runController(Object(App\Controllers\Home))
 6 SYSTEMPATH\CodeIgniter.php(368): CodeIgniter\CodeIgniter->handleRequest(null, Object(Config\Cache), false)
 7 FCPATH\index.php(67): CodeIgniter\CodeIgniter->run()
