INFO - 2023-05-25 14:03:47 --> Session: Class initialized using 'CodeIgniter\Session\Handlers\FileHandler' driver.
INFO - 2023-05-25 14:04:13 --> Session: Class initialized using 'CodeIgniter\Session\Handlers\FileHandler' driver.
INFO - 2023-05-25 14:04:41 --> Session: Class initialized using 'CodeIgniter\Session\Handlers\FileHandler' driver.
INFO - 2023-05-25 14:04:41 --> Session: Class initialized using 'CodeIgniter\Session\Handlers\FileHandler' driver.
INFO - 2023-05-25 16:35:26 --> Session: Class initialized using 'CodeIgniter\Session\Handlers\FileHandler' driver.
INFO - 2023-05-25 16:36:01 --> Session: Class initialized using 'CodeIgniter\Session\Handlers\FileHandler' driver.
INFO - 2023-05-25 16:37:26 --> Session: Class initialized using 'CodeIgniter\Session\Handlers\FileHandler' driver.
INFO - 2023-05-25 16:38:53 --> Session: Class initialized using 'CodeIgniter\Session\Handlers\FileHandler' driver.
INFO - 2023-05-25 16:39:04 --> Session: Class initialized using 'CodeIgniter\Session\Handlers\FileHandler' driver.
INFO - 2023-05-25 16:39:04 --> Session: Class initialized using 'CodeIgniter\Session\Handlers\FileHandler' driver.
INFO - 2023-05-25 22:03:16 --> Session: Class initialized using 'CodeIgniter\Session\Handlers\FileHandler' driver.
CRITICAL - 2023-05-25 22:03:16 --> syntax error, unexpected token ";", expecting "]"
in APPPATH\Views\registro.php on line 28.
 1 SYSTEMPATH\View\View.php(216): CodeIgniter\View\View->CodeIgniter\View\{closure}()
 2 SYSTEMPATH\Common.php(1184): CodeIgniter\View\View->render('Registro', [], true)
 3 APPPATH\Controllers\Home.php(61): view('Registro')
 4 SYSTEMPATH\CodeIgniter.php(934): App\Controllers\Home->registroMetodo()
 5 SYSTEMPATH\CodeIgniter.php(499): CodeIgniter\CodeIgniter->runController(Object(App\Controllers\Home))
 6 SYSTEMPATH\CodeIgniter.php(368): CodeIgniter\CodeIgniter->handleRequest(null, Object(Config\Cache), false)
 7 FCPATH\index.php(67): CodeIgniter\CodeIgniter->run()
INFO - 2023-05-25 22:04:11 --> Session: Class initialized using 'CodeIgniter\Session\Handlers\FileHandler' driver.
CRITICAL - 2023-05-25 22:04:11 --> syntax error, unexpected single-quoted string "value", expecting "]"
in APPPATH\Views\registro.php on line 29.
 1 SYSTEMPATH\View\View.php(216): CodeIgniter\View\View->CodeIgniter\View\{closure}()
 2 SYSTEMPATH\Common.php(1184): CodeIgniter\View\View->render('Registro', [], true)
 3 APPPATH\Controllers\Home.php(61): view('Registro')
 4 SYSTEMPATH\CodeIgniter.php(934): App\Controllers\Home->registroMetodo()
 5 SYSTEMPATH\CodeIgniter.php(499): CodeIgniter\CodeIgniter->runController(Object(App\Controllers\Home))
 6 SYSTEMPATH\CodeIgniter.php(368): CodeIgniter\CodeIgniter->handleRequest(null, Object(Config\Cache), false)
 7 FCPATH\index.php(67): CodeIgniter\CodeIgniter->run()
INFO - 2023-05-25 22:05:02 --> Session: Class initialized using 'CodeIgniter\Session\Handlers\FileHandler' driver.
CRITICAL - 2023-05-25 22:05:02 --> Undefined constant "session"
in APPPATH\Views\registro.php on line 31.
 1 SYSTEMPATH\View\View.php(213): include()
 2 SYSTEMPATH\View\View.php(216): CodeIgniter\View\View->CodeIgniter\View\{closure}()
 3 SYSTEMPATH\Common.php(1184): CodeIgniter\View\View->render('Registro', [], true)
 4 APPPATH\Controllers\Home.php(61): view('Registro')
 5 SYSTEMPATH\CodeIgniter.php(934): App\Controllers\Home->registroMetodo()
 6 SYSTEMPATH\CodeIgniter.php(499): CodeIgniter\CodeIgniter->runController(Object(App\Controllers\Home))
 7 SYSTEMPATH\CodeIgniter.php(368): CodeIgniter\CodeIgniter->handleRequest(null, Object(Config\Cache), false)
 8 FCPATH\index.php(67): CodeIgniter\CodeIgniter->run()
INFO - 2023-05-25 22:05:38 --> Session: Class initialized using 'CodeIgniter\Session\Handlers\FileHandler' driver.
INFO - 2023-05-25 22:05:53 --> Session: Class initialized using 'CodeIgniter\Session\Handlers\FileHandler' driver.
INFO - 2023-05-25 22:05:53 --> Session: Class initialized using 'CodeIgniter\Session\Handlers\FileHandler' driver.
INFO - 2023-05-25 22:34:05 --> Session: Class initialized using 'CodeIgniter\Session\Handlers\FileHandler' driver.
INFO - 2023-05-25 22:34:18 --> Session: Class initialized using 'CodeIgniter\Session\Handlers\FileHandler' driver.
INFO - 2023-05-25 22:34:19 --> Session: Class initialized using 'CodeIgniter\Session\Handlers\FileHandler' driver.
INFO - 2023-05-25 22:37:32 --> Session: Class initialized using 'CodeIgniter\Session\Handlers\FileHandler' driver.
INFO - 2023-05-25 22:37:48 --> Session: Class initialized using 'CodeIgniter\Session\Handlers\FileHandler' driver.
INFO - 2023-05-25 22:37:48 --> Session: Class initialized using 'CodeIgniter\Session\Handlers\FileHandler' driver.
INFO - 2023-05-25 22:44:11 --> Session: Class initialized using 'CodeIgniter\Session\Handlers\FileHandler' driver.
ERROR - 2023-05-25 22:44:33 --> Error connecting to the database: mysqli_sql_exception: Access denied for user ''@'localhost' (using password: NO) in C:\xampp\htdocs\Proyecto_CLuciana\system\Database\MySQLi\Connection.php:173
Stack trace:
#0 C:\xampp\htdocs\Proyecto_CLuciana\system\Database\MySQLi\Connection.php(173): mysqli->real_connect('localhost', '', Object(SensitiveParameterValue), '', 3306, '', 0)
#1 C:\xampp\htdocs\Proyecto_CLuciana\system\Database\BaseConnection.php(391): CodeIgniter\Database\MySQLi\Connection->connect(false)
#2 C:\xampp\htdocs\Proyecto_CLuciana\system\Database\BaseConnection.php(573): CodeIgniter\Database\BaseConnection->initialize()
#3 C:\xampp\htdocs\Proyecto_CLuciana\system\Database\BaseBuilder.php(1616): CodeIgniter\Database\BaseConnection->query('SELECT 1\nFROM `...', Array, false)
#4 C:\xampp\htdocs\Proyecto_CLuciana\system\Validation\StrictRules\Rules.php(206): CodeIgniter\Database\BaseBuilder->get()
#5 C:\xampp\htdocs\Proyecto_CLuciana\system\Validation\Validation.php(312): CodeIgniter\Validation\StrictRules\Rules->is_unique('lucianacanteros...', 'usuario_email', Array, NULL, 'email')
#6 C:\xampp\htdocs\Proyecto_CLuciana\system\Validation\Validation.php(170): CodeIgniter\Validation\Validation->processRules('email', 'email', 'lucianacanteros...', Array, Array)
#7 C:\xampp\htdocs\Proyecto_CLuciana\app\Controllers\UsuarioController.php(57): CodeIgniter\Validation\Validation->run()
#8 C:\xampp\htdocs\Proyecto_CLuciana\system\CodeIgniter.php(934): App\Controllers\UsuarioController->registrarCliente()
#9 C:\xampp\htdocs\Proyecto_CLuciana\system\CodeIgniter.php(499): CodeIgniter\CodeIgniter->runController(Object(App\Controllers\UsuarioController))
#10 C:\xampp\htdocs\Proyecto_CLuciana\system\CodeIgniter.php(368): CodeIgniter\CodeIgniter->handleRequest(NULL, Object(Config\Cache), false)
#11 C:\xampp\htdocs\Proyecto_CLuciana\index.php(67): CodeIgniter\CodeIgniter->run()
#12 {main}

Next CodeIgniter\Database\Exceptions\DatabaseException: Access denied for user ''@'localhost' (using password: NO) in C:\xampp\htdocs\Proyecto_CLuciana\system\Database\MySQLi\Connection.php:218
Stack trace:
#0 C:\xampp\htdocs\Proyecto_CLuciana\system\Database\BaseConnection.php(391): CodeIgniter\Database\MySQLi\Connection->connect(false)
#1 C:\xampp\htdocs\Proyecto_CLuciana\system\Database\BaseConnection.php(573): CodeIgniter\Database\BaseConnection->initialize()
#2 C:\xampp\htdocs\Proyecto_CLuciana\system\Database\BaseBuilder.php(1616): CodeIgniter\Database\BaseConnection->query('SELECT 1\nFROM `...', Array, false)
#3 C:\xampp\htdocs\Proyecto_CLuciana\system\Validation\StrictRules\Rules.php(206): CodeIgniter\Database\BaseBuilder->get()
#4 C:\xampp\htdocs\Proyecto_CLuciana\system\Validation\Validation.php(312): CodeIgniter\Validation\StrictRules\Rules->is_unique('lucianacanteros...', 'usuario_email', Array, NULL, 'email')
#5 C:\xampp\htdocs\Proyecto_CLuciana\system\Validation\Validation.php(170): CodeIgniter\Validation\Validation->processRules('email', 'email', 'lucianacanteros...', Array, Array)
#6 C:\xampp\htdocs\Proyecto_CLuciana\app\Controllers\UsuarioController.php(57): CodeIgniter\Validation\Validation->run()
#7 C:\xampp\htdocs\Proyecto_CLuciana\system\CodeIgniter.php(934): App\Controllers\UsuarioController->registrarCliente()
#8 C:\xampp\htdocs\Proyecto_CLuciana\system\CodeIgniter.php(499): CodeIgniter\CodeIgniter->runController(Object(App\Controllers\UsuarioController))
#9 C:\xampp\htdocs\Proyecto_CLuciana\system\CodeIgniter.php(368): CodeIgniter\CodeIgniter->handleRequest(NULL, Object(Config\Cache), false)
#10 C:\xampp\htdocs\Proyecto_CLuciana\index.php(67): CodeIgniter\CodeIgniter->run()
#11 {main}
CRITICAL - 2023-05-25 22:44:33 --> Unable to connect to the database.
Main connection [MySQLi]: Access denied for user ''@'localhost' (using password: NO)
in SYSTEMPATH\Database\BaseConnection.php on line 427.
 1 SYSTEMPATH\Database\BaseConnection.php(573): CodeIgniter\Database\BaseConnection->initialize()
 2 SYSTEMPATH\Database\BaseBuilder.php(1616): CodeIgniter\Database\BaseConnection->query('SELECT 1
FROM `usuarios`
WHERE `usuario_email` = :usuario_email:
 LIMIT 1', [...], false)
 3 SYSTEMPATH\Validation\StrictRules\Rules.php(206): CodeIgniter\Database\BaseBuilder->get()
 4 SYSTEMPATH\Validation\Validation.php(312): CodeIgniter\Validation\StrictRules\Rules->is_unique('lucianacanteros2010@hotmail.com', 'usuario_email', [...], null, 'email')
 5 SYSTEMPATH\Validation\Validation.php(170): CodeIgniter\Validation\Validation->processRules('email', 'email', 'lucianacanteros2010@hotmail.com', [...], [...])
 6 APPPATH\Controllers\UsuarioController.php(57): CodeIgniter\Validation\Validation->run()
 7 SYSTEMPATH\CodeIgniter.php(934): App\Controllers\UsuarioController->registrarCliente()
 8 SYSTEMPATH\CodeIgniter.php(499): CodeIgniter\CodeIgniter->runController(Object(App\Controllers\UsuarioController))
 9 SYSTEMPATH\CodeIgniter.php(368): CodeIgniter\CodeIgniter->handleRequest(null, Object(Config\Cache), false)
10 FCPATH\index.php(67): CodeIgniter\CodeIgniter->run()
INFO - 2023-05-25 22:44:57 --> Session: Class initialized using 'CodeIgniter\Session\Handlers\FileHandler' driver.
ERROR - 2023-05-25 22:45:04 --> Error connecting to the database: mysqli_sql_exception: Access denied for user ''@'localhost' (using password: NO) in C:\xampp\htdocs\Proyecto_CLuciana\system\Database\MySQLi\Connection.php:173
Stack trace:
#0 C:\xampp\htdocs\Proyecto_CLuciana\system\Database\MySQLi\Connection.php(173): mysqli->real_connect('localhost', '', Object(SensitiveParameterValue), '', 3306, '', 0)
#1 C:\xampp\htdocs\Proyecto_CLuciana\system\Database\BaseConnection.php(391): CodeIgniter\Database\MySQLi\Connection->connect(false)
#2 C:\xampp\htdocs\Proyecto_CLuciana\system\Database\BaseConnection.php(573): CodeIgniter\Database\BaseConnection->initialize()
#3 C:\xampp\htdocs\Proyecto_CLuciana\system\Database\BaseBuilder.php(1616): CodeIgniter\Database\BaseConnection->query('SELECT 1\nFROM `...', Array, false)
#4 C:\xampp\htdocs\Proyecto_CLuciana\system\Validation\StrictRules\Rules.php(206): CodeIgniter\Database\BaseBuilder->get()
#5 C:\xampp\htdocs\Proyecto_CLuciana\system\Validation\Validation.php(312): CodeIgniter\Validation\StrictRules\Rules->is_unique('lucianacanteros...', 'usuario_email', Array, NULL, 'email')
#6 C:\xampp\htdocs\Proyecto_CLuciana\system\Validation\Validation.php(170): CodeIgniter\Validation\Validation->processRules('email', 'email', 'lucianacanteros...', Array, Array)
#7 C:\xampp\htdocs\Proyecto_CLuciana\app\Controllers\UsuarioController.php(57): CodeIgniter\Validation\Validation->run()
#8 C:\xampp\htdocs\Proyecto_CLuciana\system\CodeIgniter.php(934): App\Controllers\UsuarioController->registrarCliente()
#9 C:\xampp\htdocs\Proyecto_CLuciana\system\CodeIgniter.php(499): CodeIgniter\CodeIgniter->runController(Object(App\Controllers\UsuarioController))
#10 C:\xampp\htdocs\Proyecto_CLuciana\system\CodeIgniter.php(368): CodeIgniter\CodeIgniter->handleRequest(NULL, Object(Config\Cache), false)
#11 C:\xampp\htdocs\Proyecto_CLuciana\index.php(67): CodeIgniter\CodeIgniter->run()
#12 {main}

Next CodeIgniter\Database\Exceptions\DatabaseException: Access denied for user ''@'localhost' (using password: NO) in C:\xampp\htdocs\Proyecto_CLuciana\system\Database\MySQLi\Connection.php:218
Stack trace:
#0 C:\xampp\htdocs\Proyecto_CLuciana\system\Database\BaseConnection.php(391): CodeIgniter\Database\MySQLi\Connection->connect(false)
#1 C:\xampp\htdocs\Proyecto_CLuciana\system\Database\BaseConnection.php(573): CodeIgniter\Database\BaseConnection->initialize()
#2 C:\xampp\htdocs\Proyecto_CLuciana\system\Database\BaseBuilder.php(1616): CodeIgniter\Database\BaseConnection->query('SELECT 1\nFROM `...', Array, false)
#3 C:\xampp\htdocs\Proyecto_CLuciana\system\Validation\StrictRules\Rules.php(206): CodeIgniter\Database\BaseBuilder->get()
#4 C:\xampp\htdocs\Proyecto_CLuciana\system\Validation\Validation.php(312): CodeIgniter\Validation\StrictRules\Rules->is_unique('lucianacanteros...', 'usuario_email', Array, NULL, 'email')
#5 C:\xampp\htdocs\Proyecto_CLuciana\system\Validation\Validation.php(170): CodeIgniter\Validation\Validation->processRules('email', 'email', 'lucianacanteros...', Array, Array)
#6 C:\xampp\htdocs\Proyecto_CLuciana\app\Controllers\UsuarioController.php(57): CodeIgniter\Validation\Validation->run()
#7 C:\xampp\htdocs\Proyecto_CLuciana\system\CodeIgniter.php(934): App\Controllers\UsuarioController->registrarCliente()
#8 C:\xampp\htdocs\Proyecto_CLuciana\system\CodeIgniter.php(499): CodeIgniter\CodeIgniter->runController(Object(App\Controllers\UsuarioController))
#9 C:\xampp\htdocs\Proyecto_CLuciana\system\CodeIgniter.php(368): CodeIgniter\CodeIgniter->handleRequest(NULL, Object(Config\Cache), false)
#10 C:\xampp\htdocs\Proyecto_CLuciana\index.php(67): CodeIgniter\CodeIgniter->run()
#11 {main}
CRITICAL - 2023-05-25 22:45:04 --> Unable to connect to the database.
Main connection [MySQLi]: Access denied for user ''@'localhost' (using password: NO)
in SYSTEMPATH\Database\BaseConnection.php on line 427.
 1 SYSTEMPATH\Database\BaseConnection.php(573): CodeIgniter\Database\BaseConnection->initialize()
 2 SYSTEMPATH\Database\BaseBuilder.php(1616): CodeIgniter\Database\BaseConnection->query('SELECT 1
FROM `usuarios`
WHERE `usuario_email` = :usuario_email:
 LIMIT 1', [...], false)
 3 SYSTEMPATH\Validation\StrictRules\Rules.php(206): CodeIgniter\Database\BaseBuilder->get()
 4 SYSTEMPATH\Validation\Validation.php(312): CodeIgniter\Validation\StrictRules\Rules->is_unique('lucianacanteros2010@hotmail.com', 'usuario_email', [...], null, 'email')
 5 SYSTEMPATH\Validation\Validation.php(170): CodeIgniter\Validation\Validation->processRules('email', 'email', 'lucianacanteros2010@hotmail.com', [...], [...])
 6 APPPATH\Controllers\UsuarioController.php(57): CodeIgniter\Validation\Validation->run()
 7 SYSTEMPATH\CodeIgniter.php(934): App\Controllers\UsuarioController->registrarCliente()
 8 SYSTEMPATH\CodeIgniter.php(499): CodeIgniter\CodeIgniter->runController(Object(App\Controllers\UsuarioController))
 9 SYSTEMPATH\CodeIgniter.php(368): CodeIgniter\CodeIgniter->handleRequest(null, Object(Config\Cache), false)
10 FCPATH\index.php(67): CodeIgniter\CodeIgniter->run()
ERROR - 2023-05-25 22:50:46 --> Error connecting to the database: mysqli_sql_exception: Unknown database 'bd_baez_jazmin' in C:\xampp\htdocs\Proyecto_CLuciana\system\Database\MySQLi\Connection.php:173
Stack trace:
#0 C:\xampp\htdocs\Proyecto_CLuciana\system\Database\MySQLi\Connection.php(173): mysqli->real_connect('localhost', 'root', Object(SensitiveParameterValue), 'bd_baez_jazmin', 3306, '', 0)
#1 C:\xampp\htdocs\Proyecto_CLuciana\system\Database\BaseConnection.php(391): CodeIgniter\Database\MySQLi\Connection->connect(false)
#2 C:\xampp\htdocs\Proyecto_CLuciana\system\Database\BaseConnection.php(573): CodeIgniter\Database\BaseConnection->initialize()
#3 C:\xampp\htdocs\Proyecto_CLuciana\system\Database\BaseBuilder.php(1616): CodeIgniter\Database\BaseConnection->query('SELECT 1\nFROM `...', Array, false)
#4 C:\xampp\htdocs\Proyecto_CLuciana\system\Validation\StrictRules\Rules.php(206): CodeIgniter\Database\BaseBuilder->get()
#5 C:\xampp\htdocs\Proyecto_CLuciana\system\Validation\Validation.php(312): CodeIgniter\Validation\StrictRules\Rules->is_unique('lucianacanteros...', 'usuario_email', Array, NULL, 'email')
#6 C:\xampp\htdocs\Proyecto_CLuciana\system\Validation\Validation.php(170): CodeIgniter\Validation\Validation->processRules('email', 'email', 'lucianacanteros...', Array, Array)
#7 C:\xampp\htdocs\Proyecto_CLuciana\app\Controllers\UsuarioController.php(57): CodeIgniter\Validation\Validation->run()
#8 C:\xampp\htdocs\Proyecto_CLuciana\system\CodeIgniter.php(934): App\Controllers\UsuarioController->registrarCliente()
#9 C:\xampp\htdocs\Proyecto_CLuciana\system\CodeIgniter.php(499): CodeIgniter\CodeIgniter->runController(Object(App\Controllers\UsuarioController))
#10 C:\xampp\htdocs\Proyecto_CLuciana\system\CodeIgniter.php(368): CodeIgniter\CodeIgniter->handleRequest(NULL, Object(Config\Cache), false)
#11 C:\xampp\htdocs\Proyecto_CLuciana\index.php(67): CodeIgniter\CodeIgniter->run()
#12 {main}

Next CodeIgniter\Database\Exceptions\DatabaseException: Unknown database 'bd_baez_jazmin' in C:\xampp\htdocs\Proyecto_CLuciana\system\Database\MySQLi\Connection.php:218
Stack trace:
#0 C:\xampp\htdocs\Proyecto_CLuciana\system\Database\BaseConnection.php(391): CodeIgniter\Database\MySQLi\Connection->connect(false)
#1 C:\xampp\htdocs\Proyecto_CLuciana\system\Database\BaseConnection.php(573): CodeIgniter\Database\BaseConnection->initialize()
#2 C:\xampp\htdocs\Proyecto_CLuciana\system\Database\BaseBuilder.php(1616): CodeIgniter\Database\BaseConnection->query('SELECT 1\nFROM `...', Array, false)
#3 C:\xampp\htdocs\Proyecto_CLuciana\system\Validation\StrictRules\Rules.php(206): CodeIgniter\Database\BaseBuilder->get()
#4 C:\xampp\htdocs\Proyecto_CLuciana\system\Validation\Validation.php(312): CodeIgniter\Validation\StrictRules\Rules->is_unique('lucianacanteros...', 'usuario_email', Array, NULL, 'email')
#5 C:\xampp\htdocs\Proyecto_CLuciana\system\Validation\Validation.php(170): CodeIgniter\Validation\Validation->processRules('email', 'email', 'lucianacanteros...', Array, Array)
#6 C:\xampp\htdocs\Proyecto_CLuciana\app\Controllers\UsuarioController.php(57): CodeIgniter\Validation\Validation->run()
#7 C:\xampp\htdocs\Proyecto_CLuciana\system\CodeIgniter.php(934): App\Controllers\UsuarioController->registrarCliente()
#8 C:\xampp\htdocs\Proyecto_CLuciana\system\CodeIgniter.php(499): CodeIgniter\CodeIgniter->runController(Object(App\Controllers\UsuarioController))
#9 C:\xampp\htdocs\Proyecto_CLuciana\system\CodeIgniter.php(368): CodeIgniter\CodeIgniter->handleRequest(NULL, Object(Config\Cache), false)
#10 C:\xampp\htdocs\Proyecto_CLuciana\index.php(67): CodeIgniter\CodeIgniter->run()
#11 {main}
CRITICAL - 2023-05-25 22:50:46 --> Unable to connect to the database.
Main connection [MySQLi]: Unknown database 'bd_baez_jazmin'
in SYSTEMPATH\Database\BaseConnection.php on line 427.
 1 SYSTEMPATH\Database\BaseConnection.php(573): CodeIgniter\Database\BaseConnection->initialize()
 2 SYSTEMPATH\Database\BaseBuilder.php(1616): CodeIgniter\Database\BaseConnection->query('SELECT 1
FROM `usuarios`
WHERE `usuario_email` = :usuario_email:
 LIMIT 1', [...], false)
 3 SYSTEMPATH\Validation\StrictRules\Rules.php(206): CodeIgniter\Database\BaseBuilder->get()
 4 SYSTEMPATH\Validation\Validation.php(312): CodeIgniter\Validation\StrictRules\Rules->is_unique('lucianacanteros2010@hotmail.com', 'usuario_email', [...], null, 'email')
 5 SYSTEMPATH\Validation\Validation.php(170): CodeIgniter\Validation\Validation->processRules('email', 'email', 'lucianacanteros2010@hotmail.com', [...], [...])
 6 APPPATH\Controllers\UsuarioController.php(57): CodeIgniter\Validation\Validation->run()
 7 SYSTEMPATH\CodeIgniter.php(934): App\Controllers\UsuarioController->registrarCliente()
 8 SYSTEMPATH\CodeIgniter.php(499): CodeIgniter\CodeIgniter->runController(Object(App\Controllers\UsuarioController))
 9 SYSTEMPATH\CodeIgniter.php(368): CodeIgniter\CodeIgniter->handleRequest(null, Object(Config\Cache), false)
10 FCPATH\index.php(67): CodeIgniter\CodeIgniter->run()
INFO - 2023-05-25 22:50:48 --> Session: Class initialized using 'CodeIgniter\Session\Handlers\FileHandler' driver.
INFO - 2023-05-25 22:50:49 --> Session: Class initialized using 'CodeIgniter\Session\Handlers\FileHandler' driver.
INFO - 2023-05-25 22:50:52 --> Session: Class initialized using 'CodeIgniter\Session\Handlers\FileHandler' driver.
ERROR - 2023-05-25 22:51:06 --> Error connecting to the database: mysqli_sql_exception: Unknown database 'bd_baez_jazmin' in C:\xampp\htdocs\Proyecto_CLuciana\system\Database\MySQLi\Connection.php:173
Stack trace:
#0 C:\xampp\htdocs\Proyecto_CLuciana\system\Database\MySQLi\Connection.php(173): mysqli->real_connect('localhost', 'root', Object(SensitiveParameterValue), 'bd_baez_jazmin', 3306, '', 0)
#1 C:\xampp\htdocs\Proyecto_CLuciana\system\Database\BaseConnection.php(391): CodeIgniter\Database\MySQLi\Connection->connect(false)
#2 C:\xampp\htdocs\Proyecto_CLuciana\system\Database\BaseConnection.php(573): CodeIgniter\Database\BaseConnection->initialize()
#3 C:\xampp\htdocs\Proyecto_CLuciana\system\Database\BaseBuilder.php(1616): CodeIgniter\Database\BaseConnection->query('SELECT 1\nFROM `...', Array, false)
#4 C:\xampp\htdocs\Proyecto_CLuciana\system\Validation\StrictRules\Rules.php(206): CodeIgniter\Database\BaseBuilder->get()
#5 C:\xampp\htdocs\Proyecto_CLuciana\system\Validation\Validation.php(312): CodeIgniter\Validation\StrictRules\Rules->is_unique('lucianacanteros...', 'usuario_email', Array, NULL, 'email')
#6 C:\xampp\htdocs\Proyecto_CLuciana\system\Validation\Validation.php(170): CodeIgniter\Validation\Validation->processRules('email', 'email', 'lucianacanteros...', Array, Array)
#7 C:\xampp\htdocs\Proyecto_CLuciana\app\Controllers\UsuarioController.php(57): CodeIgniter\Validation\Validation->run()
#8 C:\xampp\htdocs\Proyecto_CLuciana\system\CodeIgniter.php(934): App\Controllers\UsuarioController->registrarCliente()
#9 C:\xampp\htdocs\Proyecto_CLuciana\system\CodeIgniter.php(499): CodeIgniter\CodeIgniter->runController(Object(App\Controllers\UsuarioController))
#10 C:\xampp\htdocs\Proyecto_CLuciana\system\CodeIgniter.php(368): CodeIgniter\CodeIgniter->handleRequest(NULL, Object(Config\Cache), false)
#11 C:\xampp\htdocs\Proyecto_CLuciana\index.php(67): CodeIgniter\CodeIgniter->run()
#12 {main}

Next CodeIgniter\Database\Exceptions\DatabaseException: Unknown database 'bd_baez_jazmin' in C:\xampp\htdocs\Proyecto_CLuciana\system\Database\MySQLi\Connection.php:218
Stack trace:
#0 C:\xampp\htdocs\Proyecto_CLuciana\system\Database\BaseConnection.php(391): CodeIgniter\Database\MySQLi\Connection->connect(false)
#1 C:\xampp\htdocs\Proyecto_CLuciana\system\Database\BaseConnection.php(573): CodeIgniter\Database\BaseConnection->initialize()
#2 C:\xampp\htdocs\Proyecto_CLuciana\system\Database\BaseBuilder.php(1616): CodeIgniter\Database\BaseConnection->query('SELECT 1\nFROM `...', Array, false)
#3 C:\xampp\htdocs\Proyecto_CLuciana\system\Validation\StrictRules\Rules.php(206): CodeIgniter\Database\BaseBuilder->get()
#4 C:\xampp\htdocs\Proyecto_CLuciana\system\Validation\Validation.php(312): CodeIgniter\Validation\StrictRules\Rules->is_unique('lucianacanteros...', 'usuario_email', Array, NULL, 'email')
#5 C:\xampp\htdocs\Proyecto_CLuciana\system\Validation\Validation.php(170): CodeIgniter\Validation\Validation->processRules('email', 'email', 'lucianacanteros...', Array, Array)
#6 C:\xampp\htdocs\Proyecto_CLuciana\app\Controllers\UsuarioController.php(57): CodeIgniter\Validation\Validation->run()
#7 C:\xampp\htdocs\Proyecto_CLuciana\system\CodeIgniter.php(934): App\Controllers\UsuarioController->registrarCliente()
#8 C:\xampp\htdocs\Proyecto_CLuciana\system\CodeIgniter.php(499): CodeIgniter\CodeIgniter->runController(Object(App\Controllers\UsuarioController))
#9 C:\xampp\htdocs\Proyecto_CLuciana\system\CodeIgniter.php(368): CodeIgniter\CodeIgniter->handleRequest(NULL, Object(Config\Cache), false)
#10 C:\xampp\htdocs\Proyecto_CLuciana\index.php(67): CodeIgniter\CodeIgniter->run()
#11 {main}
CRITICAL - 2023-05-25 22:51:06 --> Unable to connect to the database.
Main connection [MySQLi]: Unknown database 'bd_baez_jazmin'
in SYSTEMPATH\Database\BaseConnection.php on line 427.
 1 SYSTEMPATH\Database\BaseConnection.php(573): CodeIgniter\Database\BaseConnection->initialize()
 2 SYSTEMPATH\Database\BaseBuilder.php(1616): CodeIgniter\Database\BaseConnection->query('SELECT 1
FROM `usuarios`
WHERE `usuario_email` = :usuario_email:
 LIMIT 1', [...], false)
 3 SYSTEMPATH\Validation\StrictRules\Rules.php(206): CodeIgniter\Database\BaseBuilder->get()
 4 SYSTEMPATH\Validation\Validation.php(312): CodeIgniter\Validation\StrictRules\Rules->is_unique('lucianacanteros2010@hotmail.com', 'usuario_email', [...], null, 'email')
 5 SYSTEMPATH\Validation\Validation.php(170): CodeIgniter\Validation\Validation->processRules('email', 'email', 'lucianacanteros2010@hotmail.com', [...], [...])
 6 APPPATH\Controllers\UsuarioController.php(57): CodeIgniter\Validation\Validation->run()
 7 SYSTEMPATH\CodeIgniter.php(934): App\Controllers\UsuarioController->registrarCliente()
 8 SYSTEMPATH\CodeIgniter.php(499): CodeIgniter\CodeIgniter->runController(Object(App\Controllers\UsuarioController))
 9 SYSTEMPATH\CodeIgniter.php(368): CodeIgniter\CodeIgniter->handleRequest(null, Object(Config\Cache), false)
10 FCPATH\index.php(67): CodeIgniter\CodeIgniter->run()
ERROR - 2023-05-25 22:52:34 --> mysqli_sql_exception: Unknown column 'usuario_email' in 'where clause' in C:\xampp\htdocs\Proyecto_CLuciana\system\Database\MySQLi\Connection.php:295
Stack trace:
#0 C:\xampp\htdocs\Proyecto_CLuciana\system\Database\MySQLi\Connection.php(295): mysqli->query('SELECT 1\nFROM `...', 0)
#1 C:\xampp\htdocs\Proyecto_CLuciana\system\Database\BaseConnection.php(691): CodeIgniter\Database\MySQLi\Connection->execute('SELECT 1\nFROM `...')
#2 C:\xampp\htdocs\Proyecto_CLuciana\system\Database\BaseConnection.php(605): CodeIgniter\Database\BaseConnection->simpleQuery('SELECT 1\nFROM `...')
#3 C:\xampp\htdocs\Proyecto_CLuciana\system\Database\BaseBuilder.php(1616): CodeIgniter\Database\BaseConnection->query('SELECT 1\nFROM `...', Array, false)
#4 C:\xampp\htdocs\Proyecto_CLuciana\system\Validation\StrictRules\Rules.php(206): CodeIgniter\Database\BaseBuilder->get()
#5 C:\xampp\htdocs\Proyecto_CLuciana\system\Validation\Validation.php(312): CodeIgniter\Validation\StrictRules\Rules->is_unique('lucianacanteros...', 'usuario_email', Array, NULL, 'email')
#6 C:\xampp\htdocs\Proyecto_CLuciana\system\Validation\Validation.php(170): CodeIgniter\Validation\Validation->processRules('email', 'email', 'lucianacanteros...', Array, Array)
#7 C:\xampp\htdocs\Proyecto_CLuciana\app\Controllers\UsuarioController.php(57): CodeIgniter\Validation\Validation->run()
#8 C:\xampp\htdocs\Proyecto_CLuciana\system\CodeIgniter.php(934): App\Controllers\UsuarioController->registrarCliente()
#9 C:\xampp\htdocs\Proyecto_CLuciana\system\CodeIgniter.php(499): CodeIgniter\CodeIgniter->runController(Object(App\Controllers\UsuarioController))
#10 C:\xampp\htdocs\Proyecto_CLuciana\system\CodeIgniter.php(368): CodeIgniter\CodeIgniter->handleRequest(NULL, Object(Config\Cache), false)
#11 C:\xampp\htdocs\Proyecto_CLuciana\index.php(67): CodeIgniter\CodeIgniter->run()
#12 {main}
CRITICAL - 2023-05-25 22:52:34 --> Unknown column 'usuario_email' in 'where clause'
in SYSTEMPATH\Database\MySQLi\Connection.php on line 295.
 1 SYSTEMPATH\Database\MySQLi\Connection.php(295): mysqli->query('SELECT 1
FROM `usuarios`
WHERE `usuario_email` = \'lucianacanteros2010@hotmail.com\'
 LIMIT 1', 0)
 2 SYSTEMPATH\Database\BaseConnection.php(691): CodeIgniter\Database\MySQLi\Connection->execute('SELECT 1
FROM `usuarios`
WHERE `usuario_email` = \'lucianacanteros2010@hotmail.com\'
 LIMIT 1')
 3 SYSTEMPATH\Database\BaseConnection.php(605): CodeIgniter\Database\BaseConnection->simpleQuery('SELECT 1
FROM `usuarios`
WHERE `usuario_email` = \'lucianacanteros2010@hotmail.com\'
 LIMIT 1')
 4 SYSTEMPATH\Database\BaseBuilder.php(1616): CodeIgniter\Database\BaseConnection->query('SELECT 1
FROM `usuarios`
WHERE `usuario_email` = :usuario_email:
 LIMIT 1', [...], false)
 5 SYSTEMPATH\Validation\StrictRules\Rules.php(206): CodeIgniter\Database\BaseBuilder->get()
 6 SYSTEMPATH\Validation\Validation.php(312): CodeIgniter\Validation\StrictRules\Rules->is_unique('lucianacanteros2010@hotmail.com', 'usuario_email', [...], null, 'email')
 7 SYSTEMPATH\Validation\Validation.php(170): CodeIgniter\Validation\Validation->processRules('email', 'email', 'lucianacanteros2010@hotmail.com', [...], [...])
 8 APPPATH\Controllers\UsuarioController.php(57): CodeIgniter\Validation\Validation->run()
 9 SYSTEMPATH\CodeIgniter.php(934): App\Controllers\UsuarioController->registrarCliente()
10 SYSTEMPATH\CodeIgniter.php(499): CodeIgniter\CodeIgniter->runController(Object(App\Controllers\UsuarioController))
11 SYSTEMPATH\CodeIgniter.php(368): CodeIgniter\CodeIgniter->handleRequest(null, Object(Config\Cache), false)
12 FCPATH\index.php(67): CodeIgniter\CodeIgniter->run()
INFO - 2023-05-25 22:52:35 --> Session: Class initialized using 'CodeIgniter\Session\Handlers\FileHandler' driver.
INFO - 2023-05-25 22:52:37 --> Session: Class initialized using 'CodeIgniter\Session\Handlers\FileHandler' driver.
ERROR - 2023-05-25 22:52:51 --> mysqli_sql_exception: Unknown column 'usuario_email' in 'where clause' in C:\xampp\htdocs\Proyecto_CLuciana\system\Database\MySQLi\Connection.php:295
Stack trace:
#0 C:\xampp\htdocs\Proyecto_CLuciana\system\Database\MySQLi\Connection.php(295): mysqli->query('SELECT 1\nFROM `...', 0)
#1 C:\xampp\htdocs\Proyecto_CLuciana\system\Database\BaseConnection.php(691): CodeIgniter\Database\MySQLi\Connection->execute('SELECT 1\nFROM `...')
#2 C:\xampp\htdocs\Proyecto_CLuciana\system\Database\BaseConnection.php(605): CodeIgniter\Database\BaseConnection->simpleQuery('SELECT 1\nFROM `...')
#3 C:\xampp\htdocs\Proyecto_CLuciana\system\Database\BaseBuilder.php(1616): CodeIgniter\Database\BaseConnection->query('SELECT 1\nFROM `...', Array, false)
#4 C:\xampp\htdocs\Proyecto_CLuciana\system\Validation\StrictRules\Rules.php(206): CodeIgniter\Database\BaseBuilder->get()
#5 C:\xampp\htdocs\Proyecto_CLuciana\system\Validation\Validation.php(312): CodeIgniter\Validation\StrictRules\Rules->is_unique('lucianacanteros...', 'usuario_email', Array, NULL, 'email')
#6 C:\xampp\htdocs\Proyecto_CLuciana\system\Validation\Validation.php(170): CodeIgniter\Validation\Validation->processRules('email', 'email', 'lucianacanteros...', Array, Array)
#7 C:\xampp\htdocs\Proyecto_CLuciana\app\Controllers\UsuarioController.php(57): CodeIgniter\Validation\Validation->run()
#8 C:\xampp\htdocs\Proyecto_CLuciana\system\CodeIgniter.php(934): App\Controllers\UsuarioController->registrarCliente()
#9 C:\xampp\htdocs\Proyecto_CLuciana\system\CodeIgniter.php(499): CodeIgniter\CodeIgniter->runController(Object(App\Controllers\UsuarioController))
#10 C:\xampp\htdocs\Proyecto_CLuciana\system\CodeIgniter.php(368): CodeIgniter\CodeIgniter->handleRequest(NULL, Object(Config\Cache), false)
#11 C:\xampp\htdocs\Proyecto_CLuciana\index.php(67): CodeIgniter\CodeIgniter->run()
#12 {main}
CRITICAL - 2023-05-25 22:52:51 --> Unknown column 'usuario_email' in 'where clause'
in SYSTEMPATH\Database\MySQLi\Connection.php on line 295.
 1 SYSTEMPATH\Database\MySQLi\Connection.php(295): mysqli->query('SELECT 1
FROM `usuarios`
WHERE `usuario_email` = \'lucianacanteros2010@hotmail.com\'
 LIMIT 1', 0)
 2 SYSTEMPATH\Database\BaseConnection.php(691): CodeIgniter\Database\MySQLi\Connection->execute('SELECT 1
FROM `usuarios`
WHERE `usuario_email` = \'lucianacanteros2010@hotmail.com\'
 LIMIT 1')
 3 SYSTEMPATH\Database\BaseConnection.php(605): CodeIgniter\Database\BaseConnection->simpleQuery('SELECT 1
FROM `usuarios`
WHERE `usuario_email` = \'lucianacanteros2010@hotmail.com\'
 LIMIT 1')
 4 SYSTEMPATH\Database\BaseBuilder.php(1616): CodeIgniter\Database\BaseConnection->query('SELECT 1
FROM `usuarios`
WHERE `usuario_email` = :usuario_email:
 LIMIT 1', [...], false)
 5 SYSTEMPATH\Validation\StrictRules\Rules.php(206): CodeIgniter\Database\BaseBuilder->get()
 6 SYSTEMPATH\Validation\Validation.php(312): CodeIgniter\Validation\StrictRules\Rules->is_unique('lucianacanteros2010@hotmail.com', 'usuario_email', [...], null, 'email')
 7 SYSTEMPATH\Validation\Validation.php(170): CodeIgniter\Validation\Validation->processRules('email', 'email', 'lucianacanteros2010@hotmail.com', [...], [...])
 8 APPPATH\Controllers\UsuarioController.php(57): CodeIgniter\Validation\Validation->run()
 9 SYSTEMPATH\CodeIgniter.php(934): App\Controllers\UsuarioController->registrarCliente()
10 SYSTEMPATH\CodeIgniter.php(499): CodeIgniter\CodeIgniter->runController(Object(App\Controllers\UsuarioController))
11 SYSTEMPATH\CodeIgniter.php(368): CodeIgniter\CodeIgniter->handleRequest(null, Object(Config\Cache), false)
12 FCPATH\index.php(67): CodeIgniter\CodeIgniter->run()
INFO - 2023-05-25 23:00:36 --> Session: Class initialized using 'CodeIgniter\Session\Handlers\FileHandler' driver.
INFO - 2023-05-25 23:00:41 --> Session: Class initialized using 'CodeIgniter\Session\Handlers\FileHandler' driver.
INFO - 2023-05-25 23:02:33 --> Session: Class initialized using 'CodeIgniter\Session\Handlers\FileHandler' driver.
ERROR - 2023-05-25 23:02:45 --> mysqli_sql_exception: Unknown column 'usuario_email' in 'where clause' in C:\xampp\htdocs\Proyecto_CLuciana\system\Database\MySQLi\Connection.php:295
Stack trace:
#0 C:\xampp\htdocs\Proyecto_CLuciana\system\Database\MySQLi\Connection.php(295): mysqli->query('SELECT 1\nFROM `...', 0)
#1 C:\xampp\htdocs\Proyecto_CLuciana\system\Database\BaseConnection.php(691): CodeIgniter\Database\MySQLi\Connection->execute('SELECT 1\nFROM `...')
#2 C:\xampp\htdocs\Proyecto_CLuciana\system\Database\BaseConnection.php(605): CodeIgniter\Database\BaseConnection->simpleQuery('SELECT 1\nFROM `...')
#3 C:\xampp\htdocs\Proyecto_CLuciana\system\Database\BaseBuilder.php(1616): CodeIgniter\Database\BaseConnection->query('SELECT 1\nFROM `...', Array, false)
#4 C:\xampp\htdocs\Proyecto_CLuciana\system\Validation\StrictRules\Rules.php(206): CodeIgniter\Database\BaseBuilder->get()
#5 C:\xampp\htdocs\Proyecto_CLuciana\system\Validation\Validation.php(312): CodeIgniter\Validation\StrictRules\Rules->is_unique('lucianacanteros...', 'usuario_email', Array, NULL, 'email')
#6 C:\xampp\htdocs\Proyecto_CLuciana\system\Validation\Validation.php(170): CodeIgniter\Validation\Validation->processRules('email', 'email', 'lucianacanteros...', Array, Array)
#7 C:\xampp\htdocs\Proyecto_CLuciana\app\Controllers\UsuarioController.php(57): CodeIgniter\Validation\Validation->run()
#8 C:\xampp\htdocs\Proyecto_CLuciana\system\CodeIgniter.php(934): App\Controllers\UsuarioController->registrarCliente()
#9 C:\xampp\htdocs\Proyecto_CLuciana\system\CodeIgniter.php(499): CodeIgniter\CodeIgniter->runController(Object(App\Controllers\UsuarioController))
#10 C:\xampp\htdocs\Proyecto_CLuciana\system\CodeIgniter.php(368): CodeIgniter\CodeIgniter->handleRequest(NULL, Object(Config\Cache), false)
#11 C:\xampp\htdocs\Proyecto_CLuciana\index.php(67): CodeIgniter\CodeIgniter->run()
#12 {main}
CRITICAL - 2023-05-25 23:02:45 --> Unknown column 'usuario_email' in 'where clause'
in SYSTEMPATH\Database\MySQLi\Connection.php on line 295.
 1 SYSTEMPATH\Database\MySQLi\Connection.php(295): mysqli->query('SELECT 1
FROM `usuarios`
WHERE `usuario_email` = \'lucianacanteros2010@hotmail.com\'
 LIMIT 1', 0)
 2 SYSTEMPATH\Database\BaseConnection.php(691): CodeIgniter\Database\MySQLi\Connection->execute('SELECT 1
FROM `usuarios`
WHERE `usuario_email` = \'lucianacanteros2010@hotmail.com\'
 LIMIT 1')
 3 SYSTEMPATH\Database\BaseConnection.php(605): CodeIgniter\Database\BaseConnection->simpleQuery('SELECT 1
FROM `usuarios`
WHERE `usuario_email` = \'lucianacanteros2010@hotmail.com\'
 LIMIT 1')
 4 SYSTEMPATH\Database\BaseBuilder.php(1616): CodeIgniter\Database\BaseConnection->query('SELECT 1
FROM `usuarios`
WHERE `usuario_email` = :usuario_email:
 LIMIT 1', [...], false)
 5 SYSTEMPATH\Validation\StrictRules\Rules.php(206): CodeIgniter\Database\BaseBuilder->get()
 6 SYSTEMPATH\Validation\Validation.php(312): CodeIgniter\Validation\StrictRules\Rules->is_unique('lucianacanteros2010@hotmail.com', 'usuario_email', [...], null, 'email')
 7 SYSTEMPATH\Validation\Validation.php(170): CodeIgniter\Validation\Validation->processRules('email', 'email', 'lucianacanteros2010@hotmail.com', [...], [...])
 8 APPPATH\Controllers\UsuarioController.php(57): CodeIgniter\Validation\Validation->run()
 9 SYSTEMPATH\CodeIgniter.php(934): App\Controllers\UsuarioController->registrarCliente()
10 SYSTEMPATH\CodeIgniter.php(499): CodeIgniter\CodeIgniter->runController(Object(App\Controllers\UsuarioController))
11 SYSTEMPATH\CodeIgniter.php(368): CodeIgniter\CodeIgniter->handleRequest(null, Object(Config\Cache), false)
12 FCPATH\index.php(67): CodeIgniter\CodeIgniter->run()
INFO - 2023-05-25 23:34:09 --> Session: Class initialized using 'CodeIgniter\Session\Handlers\FileHandler' driver.
INFO - 2023-05-25 23:34:11 --> Session: Class initialized using 'CodeIgniter\Session\Handlers\FileHandler' driver.
INFO - 2023-05-25 23:34:25 --> Session: Class initialized using 'CodeIgniter\Session\Handlers\FileHandler' driver.
INFO - 2023-05-25 23:34:25 --> Session: Class initialized using 'CodeIgniter\Session\Handlers\FileHandler' driver.
INFO - 2023-05-25 23:38:59 --> Session: Class initialized using 'CodeIgniter\Session\Handlers\FileHandler' driver.
INFO - 2023-05-25 23:39:13 --> Session: Class initialized using 'CodeIgniter\Session\Handlers\FileHandler' driver.
INFO - 2023-05-25 23:39:14 --> Session: Class initialized using 'CodeIgniter\Session\Handlers\FileHandler' driver.
